<?xml version="1.0" encoding="UTF-8"?>
<coverage generated="1770447839827" clover="3.2.0">
  <project timestamp="1770447839827" name="All files">
    <metrics statements="877" coveredstatements="877" conditionals="349" coveredconditionals="343" methods="59" coveredmethods="59" elements="1285" coveredelements="1279" complexity="0" loc="877" ncloc="877" packages="1" files="1" classes="1"/>
    <file name="PatternBackground.tsx" path="C:\Users\derri\HeirclarkHealthAppNew\components\patterns\PatternBackground.tsx">
      <metrics statements="877" coveredstatements="877" conditionals="349" coveredconditionals="343" methods="59" coveredmethods="59"/>
      <line num="22" count="2" type="stmt"/>
      <line num="64" count="214708" type="stmt"/>
      <line num="65" count="214708" type="stmt"/>
      <line num="70" count="14" type="stmt"/>
      <line num="71" count="14" type="stmt"/>
      <line num="72" count="14" type="stmt"/>
      <line num="73" count="14" type="stmt"/>
      <line num="74" count="16800" type="stmt"/>
      <line num="75" count="16800" type="stmt"/>
      <line num="76" count="16800" type="stmt"/>
      <line num="77" count="16800" type="stmt"/>
      <line num="78" count="16800" type="stmt"/>
      <line num="89" count="14" type="stmt"/>
      <line num="92" count="14" type="cond" truecount="2" falsecount="0"/>
      <line num="94" count="14" type="stmt"/>
      <line num="112" count="9" type="stmt"/>
      <line num="113" count="9" type="stmt"/>
      <line num="114" count="9" type="stmt"/>
      <line num="116" count="9" type="stmt"/>
      <line num="117" count="2970" type="stmt"/>
      <line num="118" count="2970" type="stmt"/>
      <line num="119" count="17820" type="stmt"/>
      <line num="120" count="17820" type="stmt"/>
      <line num="122" count="2970" type="stmt"/>
      <line num="125" count="9" type="stmt"/>
      <line num="126" count="9" type="stmt"/>
      <line num="127" count="9" type="stmt"/>
      <line num="128" count="9" type="stmt"/>
      <line num="130" count="9" type="stmt"/>
      <line num="131" count="198" type="stmt"/>
      <line num="132" count="2970" type="stmt"/>
      <line num="133" count="2970" type="cond" truecount="2" falsecount="0"/>
      <line num="134" count="2970" type="stmt"/>
      <line num="135" count="2970" type="stmt"/>
      <line num="147" count="9" type="stmt"/>
      <line num="150" count="9" type="cond" truecount="2" falsecount="0"/>
      <line num="154" count="9" type="stmt"/>
      <line num="171" count="7" type="stmt"/>
      <line num="172" count="7" type="stmt"/>
      <line num="173" count="7" type="stmt"/>
      <line num="175" count="7" type="stmt"/>
      <line num="176" count="56" type="stmt"/>
      <line num="177" count="56" type="stmt"/>
      <line num="178" count="56" type="stmt"/>
      <line num="179" count="56" type="stmt"/>
      <line num="180" count="56" type="stmt"/>
      <line num="182" count="56" type="cond" truecount="2" falsecount="0"/>
      <line num="186" count="56" type="stmt"/>
      <line num="188" count="56" type="stmt"/>
      <line num="200" count="7" type="stmt"/>
      <line num="203" count="7" type="cond" truecount="2" falsecount="0"/>
      <line num="205" count="7" type="stmt"/>
      <line num="221" count="7" type="stmt"/>
      <line num="222" count="7" type="stmt"/>
      <line num="223" count="7" type="stmt"/>
      <line num="225" count="7" type="stmt"/>
      <line num="226" count="175" type="stmt"/>
      <line num="227" count="175" type="stmt"/>
      <line num="229" count="175" type="stmt"/>
      <line num="230" count="175" type="stmt"/>
      <line num="231" count="3500" type="stmt"/>
      <line num="232" count="3500" type="stmt"/>
      <line num="233" count="3500" type="stmt"/>
      <line num="234" count="3500" type="stmt"/>
      <line num="235" count="3500" type="stmt"/>
      <line num="238" count="175" type="stmt"/>
      <line num="239" count="175" type="stmt"/>
      <line num="250" count="7" type="stmt"/>
      <line num="253" count="7" type="cond" truecount="2" falsecount="0"/>
      <line num="257" count="7" type="stmt"/>
      <line num="274" count="9" type="stmt"/>
      <line num="275" count="9" type="stmt"/>
      <line num="276" count="9" type="stmt"/>
      <line num="278" count="9" type="stmt"/>
      <line num="279" count="108" type="stmt"/>
      <line num="280" count="108" type="stmt"/>
      <line num="282" count="108" type="stmt"/>
      <line num="283" count="108" type="stmt"/>
      <line num="285" count="108" type="stmt"/>
      <line num="286" count="4644" type="stmt"/>
      <line num="287" count="4644" type="stmt"/>
      <line num="290" count="108" type="stmt"/>
      <line num="292" count="108" type="cond" truecount="2" falsecount="0"/>
      <line num="296" count="108" type="stmt"/>
      <line num="300" count="9" type="stmt"/>
      <line num="303" count="9" type="cond" truecount="2" falsecount="0"/>
      <line num="305" count="9" type="stmt"/>
      <line num="315" count="11" type="stmt"/>
      <line num="316" count="11" type="stmt"/>
      <line num="317" count="11" type="stmt"/>
      <line num="318" count="11" type="stmt"/>
      <line num="319" count="11" type="stmt"/>
      <line num="321" count="11" type="stmt"/>
      <line num="322" count="627" type="stmt"/>
      <line num="323" count="20691" type="stmt"/>
      <line num="324" count="20691" type="stmt"/>
      <line num="325" count="20691" type="stmt"/>
      <line num="328" count="20691" type="stmt"/>
      <line num="329" count="20691" type="stmt"/>
      <line num="330" count="20691" type="stmt"/>
      <line num="331" count="20691" type="stmt"/>
      <line num="333" count="20691" type="stmt"/>
      <line num="345" count="11" type="stmt"/>
      <line num="348" count="11" type="cond" truecount="2" falsecount="0"/>
      <line num="350" count="11" type="stmt"/>
      <line num="360" count="10" type="stmt"/>
      <line num="361" count="10" type="stmt"/>
      <line num="362" count="10" type="stmt"/>
      <line num="363" count="10" type="stmt"/>
      <line num="364" count="10" type="stmt"/>
      <line num="366" count="10" type="stmt"/>
      <line num="367" count="350" type="stmt"/>
      <line num="368" count="7000" type="stmt"/>
      <line num="369" count="7000" type="stmt"/>
      <line num="370" count="7000" type="stmt"/>
      <line num="373" count="7000" type="cond" truecount="2" falsecount="0"/>
      <line num="374" count="1920" type="stmt"/>
      <line num="387" count="7000" type="cond" truecount="4" falsecount="0"/>
      <line num="388" count="2090" type="stmt"/>
      <line num="403" count="7000" type="cond" truecount="4" falsecount="0"/>
      <line num="404" count="2060" type="stmt"/>
      <line num="419" count="10" type="stmt"/>
      <line num="422" count="10" type="cond" truecount="2" falsecount="0"/>
      <line num="424" count="10" type="stmt"/>
      <line num="434" count="6" type="stmt"/>
      <line num="435" count="6" type="stmt"/>
      <line num="436" count="6" type="stmt"/>
      <line num="438" count="6" type="stmt"/>
      <line num="444" count="6" type="stmt"/>
      <line num="450" count="6" type="stmt"/>
      <line num="451" count="36" type="stmt"/>
      <line num="452" count="36" type="stmt"/>
      <line num="453" count="36" type="stmt"/>
      <line num="454" count="36" type="cond" truecount="2" falsecount="0"/>
      <line num="456" count="36" type="stmt"/>
      <line num="468" count="6" type="stmt"/>
      <line num="471" count="6" type="cond" truecount="2" falsecount="0"/>
      <line num="473" count="6" type="stmt"/>
      <line num="483" count="8" type="stmt"/>
      <line num="484" count="8" type="stmt"/>
      <line num="485" count="8" type="stmt"/>
      <line num="487" count="8" type="stmt"/>
      <line num="488" count="240" type="stmt"/>
      <line num="489" count="240" type="stmt"/>
      <line num="490" count="240" type="stmt"/>
      <line num="491" count="240" type="stmt"/>
      <line num="493" count="240" type="stmt"/>
      <line num="494" count="240" type="stmt"/>
      <line num="495" count="240" type="cond" truecount="2" falsecount="0"/>
      <line num="496" count="240" type="stmt"/>
      <line num="498" count="240" type="stmt"/>
      <line num="509" count="8" type="stmt"/>
      <line num="512" count="8" type="cond" truecount="2" falsecount="0"/>
      <line num="514" count="8" type="stmt"/>
      <line num="524" count="6" type="stmt"/>
      <line num="525" count="6" type="stmt"/>
      <line num="526" count="6" type="stmt"/>
      <line num="528" count="6" type="stmt"/>
      <line num="529" count="90" type="stmt"/>
      <line num="530" count="90" type="stmt"/>
      <line num="531" count="90" type="stmt"/>
      <line num="532" count="90" type="stmt"/>
      <line num="533" count="90" type="stmt"/>
      <line num="535" count="90" type="stmt"/>
      <line num="536" count="90" type="stmt"/>
      <line num="537" count="552" type="stmt"/>
      <line num="538" count="552" type="stmt"/>
      <line num="539" count="552" type="stmt"/>
      <line num="542" count="90" type="stmt"/>
      <line num="543" count="90" type="stmt"/>
      <line num="545" count="90" type="stmt"/>
      <line num="557" count="6" type="stmt"/>
      <line num="560" count="6" type="cond" truecount="2" falsecount="0"/>
      <line num="564" count="6" type="stmt"/>
      <line num="581" count="6" type="stmt"/>
      <line num="582" count="6" type="stmt"/>
      <line num="583" count="6" type="stmt"/>
      <line num="585" count="6" type="stmt"/>
      <line num="586" count="90" type="stmt"/>
      <line num="587" count="90" type="stmt"/>
      <line num="588" count="90" type="stmt"/>
      <line num="590" count="90" type="stmt"/>
      <line num="591" count="90" type="stmt"/>
      <line num="593" count="90" type="stmt"/>
      <line num="594" count="900" type="stmt"/>
      <line num="595" count="900" type="stmt"/>
      <line num="596" count="900" type="cond" truecount="1" falsecount="1"/>
      <line num="597" count="900" type="stmt"/>
      <line num="598" count="900" type="stmt"/>
      <line num="599" count="900" type="stmt"/>
      <line num="600" count="900" type="stmt"/>
      <line num="601" count="900" type="stmt"/>
      <line num="602" count="900" type="stmt"/>
      <line num="603" count="900" type="stmt"/>
      <line num="606" count="90" type="stmt"/>
      <line num="607" count="90" type="stmt"/>
      <line num="618" count="6" type="stmt"/>
      <line num="621" count="6" type="cond" truecount="2" falsecount="0"/>
      <line num="623" count="6" type="stmt"/>
      <line num="633" count="6" type="stmt"/>
      <line num="634" count="6" type="stmt"/>
      <line num="635" count="6" type="stmt"/>
      <line num="637" count="6" type="stmt"/>
      <line num="638" count="30" type="stmt"/>
      <line num="639" count="30" type="stmt"/>
      <line num="640" count="30" type="stmt"/>
      <line num="642" count="30" type="stmt"/>
      <line num="643" count="210" type="stmt"/>
      <line num="644" count="210" type="stmt"/>
      <line num="646" count="210" type="stmt"/>
      <line num="660" count="6" type="stmt"/>
      <line num="663" count="6" type="cond" truecount="2" falsecount="0"/>
      <line num="667" count="6" type="stmt"/>
      <line num="684" count="6" type="stmt"/>
      <line num="685" count="6" type="stmt"/>
      <line num="686" count="6" type="stmt"/>
      <line num="687" count="6" type="stmt"/>
      <line num="688" count="6" type="stmt"/>
      <line num="691" count="6" type="stmt"/>
      <line num="692" count="1008" type="stmt"/>
      <line num="693" count="1008" type="stmt"/>
      <line num="694" count="1008" type="stmt"/>
      <line num="709" count="6" type="stmt"/>
      <line num="710" count="570" type="stmt"/>
      <line num="711" count="570" type="stmt"/>
      <line num="712" count="570" type="stmt"/>
      <line num="726" count="6" type="stmt"/>
      <line num="729" count="6" type="cond" truecount="2" falsecount="0"/>
      <line num="731" count="6" type="stmt"/>
      <line num="741" count="8" type="stmt"/>
      <line num="742" count="8" type="stmt"/>
      <line num="743" count="8" type="stmt"/>
      <line num="745" count="8" type="stmt"/>
      <line num="746" count="1600" type="stmt"/>
      <line num="747" count="1600" type="stmt"/>
      <line num="748" count="1600" type="stmt"/>
      <line num="749" count="1600" type="stmt"/>
      <line num="751" count="1600" type="stmt"/>
      <line num="763" count="1600" type="cond" truecount="2" falsecount="0"/>
      <line num="764" count="216" type="stmt"/>
      <line num="776" count="8" type="stmt"/>
      <line num="779" count="8" type="cond" truecount="2" falsecount="0"/>
      <line num="783" count="8" type="stmt"/>
      <line num="799" count="7" type="stmt"/>
      <line num="800" count="7" type="stmt"/>
      <line num="801" count="7" type="stmt"/>
      <line num="803" count="7" type="stmt"/>
      <line num="804" count="56" type="stmt"/>
      <line num="805" count="56" type="stmt"/>
      <line num="808" count="56" type="stmt"/>
      <line num="809" count="1624" type="stmt"/>
      <line num="810" count="1624" type="stmt"/>
      <line num="811" count="1624" type="stmt"/>
      <line num="812" count="1624" type="stmt"/>
      <line num="816" count="56" type="stmt"/>
      <line num="817" count="56" type="stmt"/>
      <line num="818" count="1736" type="stmt"/>
      <line num="819" count="1736" type="stmt"/>
      <line num="820" count="1736" type="stmt"/>
      <line num="821" count="1736" type="stmt"/>
      <line num="823" count="56" type="stmt"/>
      <line num="825" count="56" type="stmt"/>
      <line num="832" count="56" type="stmt"/>
      <line num="839" count="56" type="cond" truecount="2" falsecount="0"/>
      <line num="841" count="56" type="stmt"/>
      <line num="845" count="7" type="stmt"/>
      <line num="848" count="7" type="cond" truecount="2" falsecount="0"/>
      <line num="852" count="7" type="stmt"/>
      <line num="870" count="7" type="stmt"/>
      <line num="871" count="7" type="stmt"/>
      <line num="872" count="7" type="stmt"/>
      <line num="875" count="7" type="cond" truecount="2" falsecount="0"/>
      <line num="876" count="7" type="cond" truecount="2" falsecount="0"/>
      <line num="877" count="7" type="cond" truecount="2" falsecount="0"/>
      <line num="878" count="7" type="cond" truecount="2" falsecount="0"/>
      <line num="880" count="7" type="stmt"/>
      <line num="881" count="315" type="stmt"/>
      <line num="882" count="315" type="stmt"/>
      <line num="883" count="315" type="stmt"/>
      <line num="884" count="315" type="stmt"/>
      <line num="885" count="315" type="cond" truecount="2" falsecount="0"/>
      <line num="890" count="315" type="stmt"/>
      <line num="891" count="315" type="stmt"/>
      <line num="892" count="1883" type="stmt"/>
      <line num="893" count="1883" type="stmt"/>
      <line num="894" count="1883" type="stmt"/>
      <line num="896" count="1883" type="stmt"/>
      <line num="897" count="1883" type="stmt"/>
      <line num="898" count="1883" type="stmt"/>
      <line num="899" count="1883" type="stmt"/>
      <line num="901" count="1883" type="cond" truecount="1" falsecount="1"/>
      <line num="902" count="1883" type="stmt"/>
      <line num="904" count="1883" type="stmt"/>
      <line num="919" count="315" type="stmt"/>
      <line num="920" count="315" type="stmt"/>
      <line num="934" count="315" type="cond" truecount="2" falsecount="0"/>
      <line num="935" count="126" type="stmt"/>
      <line num="949" count="7" type="stmt"/>
      <line num="950" count="7" type="stmt"/>
      <line num="951" count="420" type="stmt"/>
      <line num="952" count="420" type="stmt"/>
      <line num="953" count="420" type="stmt"/>
      <line num="954" count="420" type="stmt"/>
      <line num="956" count="420" type="stmt"/>
      <line num="968" count="7" type="stmt"/>
      <line num="972" count="7" type="cond" truecount="2" falsecount="0"/>
      <line num="976" count="7" type="cond" truecount="2" falsecount="0"/>
      <line num="978" count="7" type="stmt"/>
      <line num="1000" count="6" type="stmt"/>
      <line num="1001" count="6" type="stmt"/>
      <line num="1002" count="6" type="stmt"/>
      <line num="1005" count="6" type="cond" truecount="2" falsecount="0"/>
      <line num="1006" count="6" type="stmt"/>
      <line num="1007" count="6" type="stmt"/>
      <line num="1008" count="6" type="cond" truecount="2" falsecount="0"/>
      <line num="1010" count="6" type="stmt"/>
      <line num="1011" count="300" type="stmt"/>
      <line num="1012" count="300" type="stmt"/>
      <line num="1013" count="300" type="stmt"/>
      <line num="1014" count="300" type="stmt"/>
      <line num="1015" count="300" type="stmt"/>
      <line num="1018" count="300" type="stmt"/>
      <line num="1019" count="300" type="stmt"/>
      <line num="1020" count="1488" type="stmt"/>
      <line num="1021" count="1488" type="stmt"/>
      <line num="1022" count="1488" type="stmt"/>
      <line num="1024" count="1488" type="stmt"/>
      <line num="1025" count="1488" type="stmt"/>
      <line num="1026" count="1488" type="stmt"/>
      <line num="1027" count="1488" type="stmt"/>
      <line num="1029" count="1488" type="cond" truecount="1" falsecount="1"/>
      <line num="1030" count="1488" type="stmt"/>
      <line num="1032" count="1488" type="stmt"/>
      <line num="1047" count="300" type="stmt"/>
      <line num="1048" count="300" type="stmt"/>
      <line num="1063" count="6" type="stmt"/>
      <line num="1064" count="6" type="stmt"/>
      <line num="1065" count="420" type="stmt"/>
      <line num="1066" count="420" type="stmt"/>
      <line num="1067" count="420" type="stmt"/>
      <line num="1068" count="420" type="stmt"/>
      <line num="1070" count="420" type="stmt"/>
      <line num="1082" count="6" type="stmt"/>
      <line num="1085" count="6" type="cond" truecount="2" falsecount="0"/>
      <line num="1087" count="6" type="stmt"/>
      <line num="1104" count="6" type="stmt"/>
      <line num="1105" count="6" type="stmt"/>
      <line num="1106" count="6" type="stmt"/>
      <line num="1109" count="6" type="cond" truecount="2" falsecount="0"/>
      <line num="1110" count="6" type="cond" truecount="2" falsecount="0"/>
      <line num="1111" count="6" type="cond" truecount="2" falsecount="0"/>
      <line num="1113" count="6" type="stmt"/>
      <line num="1114" count="270" type="stmt"/>
      <line num="1115" count="270" type="stmt"/>
      <line num="1116" count="270" type="stmt"/>
      <line num="1117" count="270" type="stmt"/>
      <line num="1118" count="270" type="stmt"/>
      <line num="1121" count="270" type="stmt"/>
      <line num="1122" count="270" type="stmt"/>
      <line num="1123" count="1224" type="stmt"/>
      <line num="1124" count="1224" type="stmt"/>
      <line num="1125" count="1224" type="stmt"/>
      <line num="1127" count="1224" type="stmt"/>
      <line num="1128" count="1224" type="stmt"/>
      <line num="1129" count="1224" type="stmt"/>
      <line num="1130" count="1224" type="stmt"/>
      <line num="1132" count="1224" type="cond" truecount="1" falsecount="1"/>
      <line num="1133" count="1224" type="stmt"/>
      <line num="1135" count="1224" type="stmt"/>
      <line num="1150" count="270" type="stmt"/>
      <line num="1151" count="270" type="stmt"/>
      <line num="1166" count="6" type="stmt"/>
      <line num="1167" count="6" type="stmt"/>
      <line num="1168" count="330" type="stmt"/>
      <line num="1169" count="330" type="stmt"/>
      <line num="1170" count="330" type="stmt"/>
      <line num="1171" count="330" type="stmt"/>
      <line num="1173" count="330" type="stmt"/>
      <line num="1186" count="6" type="stmt"/>
      <line num="1190" count="6" type="cond" truecount="2" falsecount="0"/>
      <line num="1194" count="6" type="stmt"/>
      <line num="1212" count="6" type="stmt"/>
      <line num="1213" count="6" type="stmt"/>
      <line num="1214" count="6" type="stmt"/>
      <line num="1217" count="6" type="cond" truecount="2" falsecount="0"/>
      <line num="1218" count="6" type="cond" truecount="2" falsecount="0"/>
      <line num="1219" count="6" type="cond" truecount="2" falsecount="0"/>
      <line num="1220" count="6" type="cond" truecount="2" falsecount="0"/>
      <line num="1222" count="6" type="stmt"/>
      <line num="1223" count="288" type="stmt"/>
      <line num="1224" count="288" type="stmt"/>
      <line num="1225" count="288" type="stmt"/>
      <line num="1226" count="288" type="stmt"/>
      <line num="1227" count="288" type="stmt"/>
      <line num="1230" count="288" type="stmt"/>
      <line num="1231" count="288" type="stmt"/>
      <line num="1232" count="1758" type="stmt"/>
      <line num="1233" count="1758" type="stmt"/>
      <line num="1234" count="1758" type="stmt"/>
      <line num="1236" count="1758" type="stmt"/>
      <line num="1237" count="1758" type="stmt"/>
      <line num="1238" count="1758" type="stmt"/>
      <line num="1239" count="1758" type="stmt"/>
      <line num="1241" count="1758" type="cond" truecount="1" falsecount="1"/>
      <line num="1242" count="1758" type="stmt"/>
      <line num="1244" count="1758" type="stmt"/>
      <line num="1259" count="288" type="stmt"/>
      <line num="1260" count="288" type="stmt"/>
      <line num="1274" count="288" type="cond" truecount="2" falsecount="0"/>
      <line num="1275" count="132" type="stmt"/>
      <line num="1289" count="6" type="stmt"/>
      <line num="1290" count="6" type="stmt"/>
      <line num="1291" count="390" type="stmt"/>
      <line num="1292" count="390" type="stmt"/>
      <line num="1293" count="390" type="stmt"/>
      <line num="1294" count="390" type="stmt"/>
      <line num="1296" count="390" type="stmt"/>
      <line num="1308" count="6" type="stmt"/>
      <line num="1312" count="6" type="cond" truecount="2" falsecount="0"/>
      <line num="1316" count="6" type="cond" truecount="2" falsecount="0"/>
      <line num="1317" count="6" type="cond" truecount="2" falsecount="0"/>
      <line num="1319" count="6" type="stmt"/>
      <line num="1341" count="6" type="stmt"/>
      <line num="1342" count="6" type="stmt"/>
      <line num="1343" count="6" type="stmt"/>
      <line num="1346" count="6" type="cond" truecount="2" falsecount="0"/>
      <line num="1347" count="6" type="cond" truecount="2" falsecount="0"/>
      <line num="1348" count="6" type="cond" truecount="2" falsecount="0"/>
      <line num="1350" count="6" type="stmt"/>
      <line num="1351" count="252" type="stmt"/>
      <line num="1352" count="252" type="stmt"/>
      <line num="1353" count="252" type="stmt"/>
      <line num="1354" count="252" type="stmt"/>
      <line num="1355" count="252" type="cond" truecount="2" falsecount="0"/>
      <line num="1360" count="252" type="stmt"/>
      <line num="1361" count="252" type="stmt"/>
      <line num="1362" count="1122" type="stmt"/>
      <line num="1363" count="1122" type="stmt"/>
      <line num="1364" count="1122" type="stmt"/>
      <line num="1366" count="1122" type="stmt"/>
      <line num="1367" count="1122" type="stmt"/>
      <line num="1368" count="1122" type="stmt"/>
      <line num="1369" count="1122" type="stmt"/>
      <line num="1371" count="1122" type="cond" truecount="1" falsecount="1"/>
      <line num="1372" count="1122" type="stmt"/>
      <line num="1374" count="1122" type="stmt"/>
      <line num="1389" count="252" type="stmt"/>
      <line num="1390" count="252" type="stmt"/>
      <line num="1405" count="6" type="stmt"/>
      <line num="1406" count="6" type="stmt"/>
      <line num="1407" count="240" type="stmt"/>
      <line num="1408" count="240" type="stmt"/>
      <line num="1409" count="240" type="stmt"/>
      <line num="1410" count="240" type="stmt"/>
      <line num="1412" count="240" type="stmt"/>
      <line num="1424" count="6" type="stmt"/>
      <line num="1428" count="6" type="cond" truecount="2" falsecount="0"/>
      <line num="1432" count="6" type="stmt"/>
      <line num="1449" count="6" type="stmt"/>
      <line num="1450" count="6" type="stmt"/>
      <line num="1453" count="6" type="cond" truecount="2" falsecount="0"/>
      <line num="1454" count="6" type="cond" truecount="2" falsecount="0"/>
      <line num="1455" count="6" type="cond" truecount="2" falsecount="0"/>
      <line num="1458" count="6" type="stmt"/>
      <line num="1459" count="6" type="stmt"/>
      <line num="1460" count="1080" type="stmt"/>
      <line num="1461" count="1080" type="stmt"/>
      <line num="1464" count="1080" type="stmt"/>
      <line num="1465" count="1080" type="stmt"/>
      <line num="1468" count="1080" type="stmt"/>
      <line num="1469" count="1080" type="stmt"/>
      <line num="1471" count="1080" type="stmt"/>
      <line num="1486" count="6" type="stmt"/>
      <line num="1487" count="6" type="stmt"/>
      <line num="1488" count="150" type="stmt"/>
      <line num="1489" count="150" type="stmt"/>
      <line num="1490" count="150" type="stmt"/>
      <line num="1491" count="150" type="stmt"/>
      <line num="1493" count="150" type="stmt"/>
      <line num="1505" count="150" type="cond" truecount="2" falsecount="0"/>
      <line num="1506" count="48" type="stmt"/>
      <line num="1520" count="6" type="stmt"/>
      <line num="1521" count="6" type="stmt"/>
      <line num="1522" count="36" type="stmt"/>
      <line num="1523" count="36" type="stmt"/>
      <line num="1524" count="36" type="stmt"/>
      <line num="1526" count="36" type="stmt"/>
      <line num="1539" count="6" type="stmt"/>
      <line num="1543" count="6" type="cond" truecount="2" falsecount="0"/>
      <line num="1547" count="6" type="cond" truecount="2" falsecount="0"/>
      <line num="1549" count="6" type="stmt"/>
      <line num="1576" count="8" type="stmt"/>
      <line num="1577" count="8" type="stmt"/>
      <line num="1580" count="8" type="cond" truecount="2" falsecount="0"/>
      <line num="1581" count="8" type="cond" truecount="2" falsecount="0"/>
      <line num="1582" count="8" type="cond" truecount="2" falsecount="0"/>
      <line num="1583" count="8" type="cond" truecount="2" falsecount="0"/>
      <line num="1584" count="8" type="cond" truecount="2" falsecount="0"/>
      <line num="1587" count="8" type="stmt"/>
      <line num="1588" count="8" type="stmt"/>
      <line num="1589" count="120" type="stmt"/>
      <line num="1590" count="120" type="stmt"/>
      <line num="1591" count="120" type="stmt"/>
      <line num="1592" count="120" type="stmt"/>
      <line num="1593" count="120" type="stmt"/>
      <line num="1596" count="120" type="stmt"/>
      <line num="1597" count="840" type="stmt"/>
      <line num="1598" count="840" type="stmt"/>
      <line num="1599" count="840" type="stmt"/>
      <line num="1600" count="840" type="stmt"/>
      <line num="1602" count="840" type="stmt"/>
      <line num="1615" count="8" type="stmt"/>
      <line num="1616" count="8" type="stmt"/>
      <line num="1617" count="200" type="stmt"/>
      <line num="1618" count="200" type="stmt"/>
      <line num="1619" count="200" type="stmt"/>
      <line num="1620" count="200" type="stmt"/>
      <line num="1621" count="200" type="stmt"/>
      <line num="1622" count="200" type="cond" truecount="4" falsecount="0"/>
      <line num="1624" count="200" type="stmt"/>
      <line num="1636" count="200" type="stmt"/>
      <line num="1649" count="8" type="stmt"/>
      <line num="1650" count="8" type="stmt"/>
      <line num="1651" count="320" type="stmt"/>
      <line num="1652" count="320" type="stmt"/>
      <line num="1653" count="320" type="stmt"/>
      <line num="1654" count="320" type="stmt"/>
      <line num="1657" count="320" type="stmt"/>
      <line num="1658" count="1920" type="stmt"/>
      <line num="1659" count="1920" type="stmt"/>
      <line num="1675" count="8" type="stmt"/>
      <line num="1676" count="8" type="stmt"/>
      <line num="1677" count="96" type="stmt"/>
      <line num="1678" count="96" type="stmt"/>
      <line num="1679" count="96" type="stmt"/>
      <line num="1680" count="96" type="stmt"/>
      <line num="1683" count="96" type="stmt"/>
      <line num="1684" count="96" type="stmt"/>
      <line num="1685" count="960" type="stmt"/>
      <line num="1686" count="960" type="cond" truecount="2" falsecount="0"/>
      <line num="1687" count="960" type="stmt"/>
      <line num="1688" count="960" type="stmt"/>
      <line num="1689" count="960" type="cond" truecount="2" falsecount="0"/>
      <line num="1691" count="96" type="stmt"/>
      <line num="1693" count="96" type="stmt"/>
      <line num="1703" count="8" type="stmt"/>
      <line num="1707" count="8" type="cond" truecount="2" falsecount="0"/>
      <line num="1711" count="8" type="stmt"/>
      <line num="1728" count="6" type="stmt"/>
      <line num="1729" count="6" type="stmt"/>
      <line num="1732" count="6" type="cond" truecount="2" falsecount="0"/>
      <line num="1733" count="6" type="cond" truecount="2" falsecount="0"/>
      <line num="1734" count="6" type="cond" truecount="2" falsecount="0"/>
      <line num="1735" count="6" type="cond" truecount="2" falsecount="0"/>
      <line num="1736" count="6" type="cond" truecount="2" falsecount="0"/>
      <line num="1739" count="6" type="stmt"/>
      <line num="1740" count="6" type="stmt"/>
      <line num="1741" count="108" type="stmt"/>
      <line num="1742" count="108" type="stmt"/>
      <line num="1743" count="108" type="stmt"/>
      <line num="1744" count="108" type="stmt"/>
      <line num="1747" count="108" type="stmt"/>
      <line num="1756" count="108" type="stmt"/>
      <line num="1767" count="6" type="stmt"/>
      <line num="1768" count="6" type="stmt"/>
      <line num="1769" count="72" type="stmt"/>
      <line num="1770" count="72" type="stmt"/>
      <line num="1771" count="72" type="stmt"/>
      <line num="1772" count="72" type="stmt"/>
      <line num="1775" count="72" type="stmt"/>
      <line num="1788" count="72" type="stmt"/>
      <line num="1801" count="72" type="cond" truecount="2" falsecount="0"/>
      <line num="1803" count="36" type="stmt"/>
      <line num="1812" count="36" type="stmt"/>
      <line num="1824" count="6" type="stmt"/>
      <line num="1825" count="6" type="stmt"/>
      <line num="1826" count="48" type="stmt"/>
      <line num="1827" count="48" type="stmt"/>
      <line num="1828" count="48" type="stmt"/>
      <line num="1829" count="48" type="stmt"/>
      <line num="1832" count="48" type="stmt"/>
      <line num="1833" count="384" type="stmt"/>
      <line num="1834" count="384" type="stmt"/>
      <line num="1849" count="48" type="stmt"/>
      <line num="1850" count="192" type="stmt"/>
      <line num="1866" count="6" type="stmt"/>
      <line num="1867" count="6" type="stmt"/>
      <line num="1868" count="90" type="stmt"/>
      <line num="1869" count="90" type="stmt"/>
      <line num="1870" count="90" type="stmt"/>
      <line num="1871" count="90" type="stmt"/>
      <line num="1872" count="90" type="stmt"/>
      <line num="1874" count="90" type="stmt"/>
      <line num="1877" count="90" type="stmt"/>
      <line num="1882" count="6" type="stmt"/>
      <line num="1886" count="6" type="cond" truecount="2" falsecount="0"/>
      <line num="1890" count="6" type="stmt"/>
      <line num="1908" count="6" type="stmt"/>
      <line num="1909" count="6" type="stmt"/>
      <line num="1912" count="6" type="cond" truecount="2" falsecount="0"/>
      <line num="1913" count="6" type="cond" truecount="2" falsecount="0"/>
      <line num="1914" count="6" type="cond" truecount="2" falsecount="0"/>
      <line num="1915" count="6" type="cond" truecount="2" falsecount="0"/>
      <line num="1916" count="6" type="cond" truecount="2" falsecount="0"/>
      <line num="1919" count="6" type="stmt"/>
      <line num="1920" count="6" type="stmt"/>
      <line num="1921" count="270" type="stmt"/>
      <line num="1922" count="270" type="stmt"/>
      <line num="1923" count="270" type="stmt"/>
      <line num="1924" count="270" type="stmt"/>
      <line num="1925" count="270" type="stmt"/>
      <line num="1926" count="270" type="stmt"/>
      <line num="1927" count="270" type="cond" truecount="4" falsecount="0"/>
      <line num="1930" count="270" type="stmt"/>
      <line num="1943" count="270" type="stmt"/>
      <line num="1955" count="6" type="stmt"/>
      <line num="1956" count="6" type="stmt"/>
      <line num="1957" count="120" type="stmt"/>
      <line num="1958" count="120" type="stmt"/>
      <line num="1959" count="120" type="stmt"/>
      <line num="1960" count="120" type="stmt"/>
      <line num="1961" count="120" type="stmt"/>
      <line num="1964" count="120" type="stmt"/>
      <line num="1976" count="120" type="stmt"/>
      <line num="1977" count="960" type="stmt"/>
      <line num="1978" count="960" type="cond" truecount="2" falsecount="0"/>
      <line num="1979" count="960" type="stmt"/>
      <line num="1994" count="6" type="stmt"/>
      <line num="1995" count="6" type="stmt"/>
      <line num="1996" count="60" type="stmt"/>
      <line num="1997" count="60" type="stmt"/>
      <line num="1998" count="60" type="stmt"/>
      <line num="1999" count="60" type="stmt"/>
      <line num="2001" count="60" type="stmt"/>
      <line num="2015" count="6" type="stmt"/>
      <line num="2016" count="6" type="stmt"/>
      <line num="2017" count="150" type="stmt"/>
      <line num="2018" count="150" type="stmt"/>
      <line num="2019" count="150" type="stmt"/>
      <line num="2020" count="150" type="stmt"/>
      <line num="2023" count="150" type="stmt"/>
      <line num="2035" count="150" type="stmt"/>
      <line num="2048" count="6" type="stmt"/>
      <line num="2052" count="6" type="cond" truecount="2" falsecount="0"/>
      <line num="2056" count="6" type="stmt"/>
      <line num="2074" count="6" type="stmt"/>
      <line num="2075" count="6" type="stmt"/>
      <line num="2078" count="6" type="cond" truecount="2" falsecount="0"/>
      <line num="2079" count="6" type="cond" truecount="2" falsecount="0"/>
      <line num="2080" count="6" type="cond" truecount="2" falsecount="0"/>
      <line num="2083" count="6" type="stmt"/>
      <line num="2084" count="6" type="stmt"/>
      <line num="2085" count="300" type="stmt"/>
      <line num="2086" count="300" type="stmt"/>
      <line num="2087" count="300" type="stmt"/>
      <line num="2088" count="300" type="stmt"/>
      <line num="2089" count="300" type="stmt"/>
      <line num="2090" count="300" type="cond" truecount="4" falsecount="0"/>
      <line num="2093" count="300" type="stmt"/>
      <line num="2094" count="300" type="stmt"/>
      <line num="2095" count="3000" type="stmt"/>
      <line num="2096" count="3000" type="cond" truecount="2" falsecount="0"/>
      <line num="2097" count="3000" type="stmt"/>
      <line num="2098" count="3000" type="stmt"/>
      <line num="2099" count="3000" type="cond" truecount="2" falsecount="0"/>
      <line num="2101" count="300" type="stmt"/>
      <line num="2103" count="300" type="stmt"/>
      <line num="2114" count="6" type="stmt"/>
      <line num="2115" count="6" type="stmt"/>
      <line num="2116" count="72" type="stmt"/>
      <line num="2117" count="72" type="stmt"/>
      <line num="2118" count="72" type="stmt"/>
      <line num="2119" count="72" type="stmt"/>
      <line num="2120" count="72" type="stmt"/>
      <line num="2121" count="72" type="cond" truecount="4" falsecount="0"/>
      <line num="2124" count="72" type="stmt"/>
      <line num="2125" count="72" type="stmt"/>
      <line num="2126" count="1062" type="stmt"/>
      <line num="2127" count="1062" type="stmt"/>
      <line num="2129" count="1062" type="stmt"/>
      <line num="2144" count="1062" type="stmt"/>
      <line num="2158" count="6" type="stmt"/>
      <line num="2159" count="6" type="stmt"/>
      <line num="2160" count="6" type="stmt"/>
      <line num="2161" count="78" type="stmt"/>
      <line num="2162" count="78" type="stmt"/>
      <line num="2175" count="6" type="stmt"/>
      <line num="2179" count="6" type="cond" truecount="2" falsecount="0"/>
      <line num="2183" count="6" type="stmt"/>
      <line num="2200" count="6" type="stmt"/>
      <line num="2201" count="6" type="stmt"/>
      <line num="2204" count="6" type="cond" truecount="2" falsecount="0"/>
      <line num="2205" count="6" type="cond" truecount="2" falsecount="0"/>
      <line num="2206" count="6" type="cond" truecount="2" falsecount="0"/>
      <line num="2207" count="6" type="cond" truecount="2" falsecount="0"/>
      <line num="2208" count="6" type="cond" truecount="2" falsecount="0"/>
      <line num="2211" count="6" type="stmt"/>
      <line num="2212" count="6" type="stmt"/>
      <line num="2213" count="210" type="stmt"/>
      <line num="2214" count="210" type="stmt"/>
      <line num="2215" count="210" type="stmt"/>
      <line num="2216" count="210" type="stmt"/>
      <line num="2217" count="210" type="stmt"/>
      <line num="2218" count="210" type="stmt"/>
      <line num="2219" count="210" type="cond" truecount="6" falsecount="0"/>
      <line num="2222" count="210" type="stmt"/>
      <line num="2231" count="210" type="stmt"/>
      <line num="2242" count="210" type="cond" truecount="2" falsecount="0"/>
      <line num="2243" count="66" type="stmt"/>
      <line num="2257" count="6" type="stmt"/>
      <line num="2258" count="6" type="stmt"/>
      <line num="2259" count="240" type="stmt"/>
      <line num="2260" count="240" type="stmt"/>
      <line num="2261" count="240" type="stmt"/>
      <line num="2262" count="240" type="stmt"/>
      <line num="2264" count="240" type="stmt"/>
      <line num="2277" count="6" type="stmt"/>
      <line num="2278" count="6" type="stmt"/>
      <line num="2279" count="180" type="stmt"/>
      <line num="2280" count="180" type="stmt"/>
      <line num="2281" count="180" type="stmt"/>
      <line num="2282" count="180" type="stmt"/>
      <line num="2285" count="180" type="stmt"/>
      <line num="2293" count="6" type="stmt"/>
      <line num="2297" count="6" type="cond" truecount="2" falsecount="0"/>
      <line num="2301" count="6" type="stmt"/>
      <line num="2318" count="6" type="stmt"/>
      <line num="2319" count="6" type="stmt"/>
      <line num="2322" count="6" type="cond" truecount="2" falsecount="0"/>
      <line num="2323" count="6" type="cond" truecount="2" falsecount="0"/>
      <line num="2324" count="6" type="cond" truecount="2" falsecount="0"/>
      <line num="2325" count="6" type="cond" truecount="2" falsecount="0"/>
      <line num="2326" count="6" type="cond" truecount="2" falsecount="0"/>
      <line num="2327" count="6" type="cond" truecount="2" falsecount="0"/>
      <line num="2329" count="6" type="stmt"/>
      <line num="2332" count="6" type="stmt"/>
      <line num="2333" count="6" type="stmt"/>
      <line num="2334" count="150" type="stmt"/>
      <line num="2335" count="150" type="stmt"/>
      <line num="2336" count="150" type="stmt"/>
      <line num="2337" count="150" type="stmt"/>
      <line num="2338" count="150" type="stmt"/>
      <line num="2339" count="150" type="stmt"/>
      <line num="2340" count="150" type="stmt"/>
      <line num="2343" count="150" type="stmt"/>
      <line num="2357" count="150" type="stmt"/>
      <line num="2358" count="150" type="stmt"/>
      <line num="2359" count="450" type="stmt"/>
      <line num="2360" count="450" type="stmt"/>
      <line num="2362" count="450" type="stmt"/>
      <line num="2379" count="6" type="stmt"/>
      <line num="2380" count="6" type="stmt"/>
      <line num="2381" count="120" type="stmt"/>
      <line num="2382" count="120" type="stmt"/>
      <line num="2383" count="120" type="stmt"/>
      <line num="2384" count="120" type="stmt"/>
      <line num="2387" count="120" type="stmt"/>
      <line num="2388" count="120" type="stmt"/>
      <line num="2389" count="720" type="stmt"/>
      <line num="2390" count="720" type="stmt"/>
      <line num="2391" count="720" type="stmt"/>
      <line num="2393" count="720" type="stmt"/>
      <line num="2408" count="120" type="stmt"/>
      <line num="2421" count="6" type="stmt"/>
      <line num="2422" count="6" type="stmt"/>
      <line num="2423" count="180" type="stmt"/>
      <line num="2424" count="180" type="stmt"/>
      <line num="2425" count="180" type="stmt"/>
      <line num="2426" count="180" type="stmt"/>
      <line num="2428" count="180" type="stmt"/>
      <line num="2429" count="540" type="stmt"/>
      <line num="2430" count="540" type="stmt"/>
      <line num="2444" count="6" type="stmt"/>
      <line num="2445" count="6" type="stmt"/>
      <line num="2446" count="48" type="stmt"/>
      <line num="2447" count="48" type="stmt"/>
      <line num="2448" count="48" type="stmt"/>
      <line num="2449" count="48" type="stmt"/>
      <line num="2450" count="48" type="stmt"/>
      <line num="2453" count="48" type="stmt"/>
      <line num="2456" count="48" type="stmt"/>
      <line num="2460" count="48" type="stmt"/>
      <line num="2465" count="6" type="stmt"/>
      <line num="2469" count="6" type="cond" truecount="2" falsecount="0"/>
      <line num="2473" count="6" type="stmt"/>
      <line num="2491" count="6" type="cond" truecount="2" falsecount="0"/>
      <line num="2495" count="6" type="stmt"/>
      <line num="2496" count="6" type="stmt"/>
      <line num="2499" count="6" type="cond" truecount="2" falsecount="0"/>
      <line num="2500" count="6" type="cond" truecount="2" falsecount="0"/>
      <line num="2501" count="6" type="cond" truecount="2" falsecount="0"/>
      <line num="2502" count="6" type="cond" truecount="2" falsecount="0"/>
      <line num="2503" count="6" type="cond" truecount="2" falsecount="0"/>
      <line num="2504" count="6" type="cond" truecount="2" falsecount="0"/>
      <line num="2505" count="6" type="cond" truecount="2" falsecount="0"/>
      <line num="2508" count="6" type="cond" truecount="2" falsecount="0"/>
      <line num="2510" count="6" type="stmt"/>
      <line num="2513" count="6" type="stmt"/>
      <line num="2514" count="6" type="stmt"/>
      <line num="2515" count="30" type="stmt"/>
      <line num="2516" count="30" type="stmt"/>
      <line num="2519" count="30" type="stmt"/>
      <line num="2530" count="30" type="stmt"/>
      <line num="2531" count="360" type="stmt"/>
      <line num="2532" count="360" type="stmt"/>
      <line num="2533" count="360" type="stmt"/>
      <line num="2534" count="360" type="stmt"/>
      <line num="2535" count="360" type="stmt"/>
      <line num="2536" count="360" type="stmt"/>
      <line num="2537" count="360" type="stmt"/>
      <line num="2540" count="360" type="stmt"/>
      <line num="2553" count="360" type="stmt"/>
      <line num="2554" count="360" type="stmt"/>
      <line num="2555" count="1080" type="stmt"/>
      <line num="2556" count="1080" type="stmt"/>
      <line num="2557" count="1080" type="stmt"/>
      <line num="2560" count="1080" type="stmt"/>
      <line num="2571" count="360" type="stmt"/>
      <line num="2572" count="360" type="stmt"/>
      <line num="2573" count="1440" type="stmt"/>
      <line num="2574" count="1440" type="stmt"/>
      <line num="2589" count="6" type="stmt"/>
      <line num="2590" count="6" type="stmt"/>
      <line num="2591" count="90" type="stmt"/>
      <line num="2592" count="90" type="stmt"/>
      <line num="2593" count="90" type="stmt"/>
      <line num="2594" count="90" type="stmt"/>
      <line num="2597" count="90" type="stmt"/>
      <line num="2598" count="270" type="stmt"/>
      <line num="2599" count="270" type="stmt"/>
      <line num="2600" count="270" type="stmt"/>
      <line num="2601" count="2700" type="stmt"/>
      <line num="2602" count="2700" type="stmt"/>
      <line num="2603" count="2700" type="stmt"/>
      <line num="2605" count="2700" type="stmt"/>
      <line num="2620" count="6" type="stmt"/>
      <line num="2621" count="6" type="stmt"/>
      <line num="2622" count="480" type="stmt"/>
      <line num="2623" count="480" type="stmt"/>
      <line num="2624" count="480" type="stmt"/>
      <line num="2625" count="480" type="stmt"/>
      <line num="2626" count="480" type="stmt"/>
      <line num="2627" count="480" type="stmt"/>
      <line num="2628" count="480" type="stmt"/>
      <line num="2630" count="480" type="stmt"/>
      <line num="2644" count="6" type="stmt"/>
      <line num="2647" count="6" type="stmt"/>
      <line num="2664" count="201" type="cond" truecount="29" falsecount="0"/>
      <line num="2666" count="12" type="stmt"/>
      <line num="2668" count="9" type="stmt"/>
      <line num="2670" count="7" type="stmt"/>
      <line num="2672" count="7" type="stmt"/>
      <line num="2674" count="9" type="stmt"/>
      <line num="2676" count="11" type="stmt"/>
      <line num="2678" count="10" type="stmt"/>
      <line num="2680" count="6" type="stmt"/>
      <line num="2682" count="8" type="stmt"/>
      <line num="2684" count="6" type="stmt"/>
      <line num="2686" count="6" type="stmt"/>
      <line num="2688" count="6" type="stmt"/>
      <line num="2690" count="6" type="stmt"/>
      <line num="2692" count="8" type="stmt"/>
      <line num="2694" count="7" type="stmt"/>
      <line num="2696" count="7" type="stmt"/>
      <line num="2698" count="6" type="stmt"/>
      <line num="2700" count="6" type="stmt"/>
      <line num="2702" count="6" type="stmt"/>
      <line num="2704" count="6" type="stmt"/>
      <line num="2706" count="6" type="stmt"/>
      <line num="2709" count="8" type="stmt"/>
      <line num="2711" count="6" type="stmt"/>
      <line num="2713" count="6" type="stmt"/>
      <line num="2715" count="6" type="stmt"/>
      <line num="2717" count="6" type="stmt"/>
      <line num="2719" count="6" type="stmt"/>
      <line num="2721" count="6" type="stmt"/>
      <line num="2723" count="2" type="stmt"/>
    </file>
  </project>
</coverage>
