{"C:\\Users\\derri\\HeirclarkHealthAppNew\\components\\patterns\\PatternBackground.tsx": {"path":"C:\\Users\\derri\\HeirclarkHealthAppNew\\components\\patterns\\PatternBackground.tsx","statementMap":{"0":{"start":{"line":22,"column":55},"end":{"line":22,"column":79}},"1":{"start":{"line":64,"column":12},"end":{"line":64,"column":34}},"2":{"start":{"line":65,"column":2},"end":{"line":65,"column":27}},"3":{"start":{"line":70,"column":15},"end":{"line":90,"column":14}},"4":{"start":{"line":71,"column":19},"end":{"line":71,"column":21}},"5":{"start":{"line":72,"column":20},"end":{"line":72,"column":24}},"6":{"start":{"line":73,"column":4},"end":{"line":88,"column":5}},"7":{"start":{"line":73,"column":17},"end":{"line":73,"column":18}},"8":{"start":{"line":74,"column":16},"end":{"line":74,"column":52}},"9":{"start":{"line":75,"column":16},"end":{"line":75,"column":53}},"10":{"start":{"line":76,"column":22},"end":{"line":76,"column":57}},"11":{"start":{"line":77,"column":19},"end":{"line":77,"column":52}},"12":{"start":{"line":78,"column":6},"end":{"line":87,"column":8}},"13":{"start":{"line":89,"column":4},"end":{"line":89,"column":18}},"14":{"start":{"line":92,"column":18},"end":{"line":92,"column":48}},"15":{"start":{"line":94,"column":2},"end":{"line":107,"column":4}},"16":{"start":{"line":112,"column":18},"end":{"line":112,"column":20}},"17":{"start":{"line":113,"column":19},"end":{"line":113,"column":30}},"18":{"start":{"line":114,"column":20},"end":{"line":114,"column":42}},"19":{"start":{"line":116,"column":18},"end":{"line":123,"column":3}},"20":{"start":{"line":117,"column":19},"end":{"line":117,"column":21}},"21":{"start":{"line":118,"column":4},"end":{"line":121,"column":5}},"22":{"start":{"line":118,"column":17},"end":{"line":118,"column":18}},"23":{"start":{"line":119,"column":20},"end":{"line":119,"column":51}},"24":{"start":{"line":120,"column":6},"end":{"line":120,"column":83}},"25":{"start":{"line":122,"column":4},"end":{"line":122,"column":35}},"26":{"start":{"line":125,"column":19},"end":{"line":148,"column":14}},"27":{"start":{"line":126,"column":19},"end":{"line":126,"column":21}},"28":{"start":{"line":127,"column":17},"end":{"line":127,"column":64}},"29":{"start":{"line":128,"column":17},"end":{"line":128,"column":57}},"30":{"start":{"line":130,"column":4},"end":{"line":146,"column":5}},"31":{"start":{"line":130,"column":19},"end":{"line":130,"column":20}},"32":{"start":{"line":131,"column":6},"end":{"line":145,"column":7}},"33":{"start":{"line":131,"column":21},"end":{"line":131,"column":22}},"34":{"start":{"line":132,"column":18},"end":{"line":132,"column":39}},"35":{"start":{"line":133,"column":18},"end":{"line":133,"column":71}},"36":{"start":{"line":134,"column":24},"end":{"line":134,"column":68}},"37":{"start":{"line":135,"column":8},"end":{"line":144,"column":10}},"38":{"start":{"line":147,"column":4},"end":{"line":147,"column":18}},"39":{"start":{"line":150,"column":19},"end":{"line":152,"column":39}},"40":{"start":{"line":154,"column":2},"end":{"line":166,"column":4}},"41":{"start":{"line":171,"column":16},"end":{"line":201,"column":14}},"42":{"start":{"line":172,"column":19},"end":{"line":172,"column":21}},"43":{"start":{"line":173,"column":18},"end":{"line":173,"column":19}},"44":{"start":{"line":175,"column":4},"end":{"line":199,"column":5}},"45":{"start":{"line":175,"column":17},"end":{"line":175,"column":18}},"46":{"start":{"line":176,"column":17},"end":{"line":176,"column":52}},"47":{"start":{"line":177,"column":17},"end":{"line":177,"column":53}},"48":{"start":{"line":178,"column":17},"end":{"line":178,"column":49}},"49":{"start":{"line":179,"column":17},"end":{"line":179,"column":48}},"50":{"start":{"line":180,"column":23},"end":{"line":180,"column":49}},"51":{"start":{"line":182,"column":21},"end":{"line":184,"column":96}},"52":{"start":{"line":186,"column":20},"end":{"line":186,"column":45}},"53":{"start":{"line":188,"column":6},"end":{"line":198,"column":8}},"54":{"start":{"line":200,"column":4},"end":{"line":200,"column":18}},"55":{"start":{"line":203,"column":18},"end":{"line":203,"column":48}},"56":{"start":{"line":205,"column":2},"end":{"line":216,"column":4}},"57":{"start":{"line":221,"column":16},"end":{"line":251,"column":14}},"58":{"start":{"line":222,"column":19},"end":{"line":222,"column":21}},"59":{"start":{"line":223,"column":22},"end":{"line":223,"column":24}},"60":{"start":{"line":225,"column":4},"end":{"line":249,"column":5}},"61":{"start":{"line":225,"column":17},"end":{"line":225,"column":18}},"62":{"start":{"line":226,"column":20},"end":{"line":226,"column":80}},"63":{"start":{"line":227,"column":17},"end":{"line":227,"column":30}},"64":{"start":{"line":229,"column":23},"end":{"line":229,"column":25}},"65":{"start":{"line":230,"column":6},"end":{"line":236,"column":7}},"66":{"start":{"line":230,"column":19},"end":{"line":230,"column":20}},"67":{"start":{"line":231,"column":18},"end":{"line":231,"column":47}},"68":{"start":{"line":232,"column":21},"end":{"line":232,"column":53}},"69":{"start":{"line":233,"column":22},"end":{"line":233,"column":58}},"70":{"start":{"line":234,"column":18},"end":{"line":234,"column":38}},"71":{"start":{"line":235,"column":8},"end":{"line":235,"column":97}},"72":{"start":{"line":238,"column":22},"end":{"line":238,"column":55}},"73":{"start":{"line":239,"column":6},"end":{"line":248,"column":8}},"74":{"start":{"line":250,"column":4},"end":{"line":250,"column":18}},"75":{"start":{"line":253,"column":19},"end":{"line":255,"column":39}},"76":{"start":{"line":257,"column":2},"end":{"line":269,"column":4}},"77":{"start":{"line":274,"column":16},"end":{"line":301,"column":14}},"78":{"start":{"line":275,"column":19},"end":{"line":275,"column":21}},"79":{"start":{"line":276,"column":22},"end":{"line":276,"column":24}},"80":{"start":{"line":278,"column":4},"end":{"line":299,"column":5}},"81":{"start":{"line":278,"column":17},"end":{"line":278,"column":18}},"82":{"start":{"line":279,"column":20},"end":{"line":279,"column":57}},"83":{"start":{"line":280,"column":17},"end":{"line":280,"column":32}},"84":{"start":{"line":282,"column":24},"end":{"line":282,"column":34}},"85":{"start":{"line":283,"column":24},"end":{"line":283,"column":42}},"86":{"start":{"line":285,"column":6},"end":{"line":288,"column":7}},"87":{"start":{"line":285,"column":19},"end":{"line":285,"column":20}},"88":{"start":{"line":286,"column":18},"end":{"line":286,"column":71}},"89":{"start":{"line":287,"column":8},"end":{"line":287,"column":30}},"90":{"start":{"line":290,"column":6},"end":{"line":290,"column":93}},"91":{"start":{"line":292,"column":21},"end":{"line":294,"column":96}},"92":{"start":{"line":296,"column":6},"end":{"line":298,"column":8}},"93":{"start":{"line":300,"column":4},"end":{"line":300,"column":18}},"94":{"start":{"line":303,"column":18},"end":{"line":303,"column":48}},"95":{"start":{"line":305,"column":2},"end":{"line":310,"column":4}},"96":{"start":{"line":315,"column":15},"end":{"line":346,"column":14}},"97":{"start":{"line":316,"column":19},"end":{"line":316,"column":21}},"98":{"start":{"line":317,"column":20},"end":{"line":317,"column":22}},"99":{"start":{"line":318,"column":17},"end":{"line":318,"column":54}},"100":{"start":{"line":319,"column":17},"end":{"line":319,"column":55}},"101":{"start":{"line":321,"column":4},"end":{"line":344,"column":5}},"102":{"start":{"line":321,"column":19},"end":{"line":321,"column":20}},"103":{"start":{"line":322,"column":6},"end":{"line":343,"column":7}},"104":{"start":{"line":322,"column":21},"end":{"line":322,"column":22}},"105":{"start":{"line":323,"column":18},"end":{"line":323,"column":31}},"106":{"start":{"line":324,"column":18},"end":{"line":324,"column":31}},"107":{"start":{"line":325,"column":31},"end":{"line":327,"column":9}},"108":{"start":{"line":328,"column":24},"end":{"line":328,"column":93}},"109":{"start":{"line":329,"column":27},"end":{"line":329,"column":63}},"110":{"start":{"line":330,"column":21},"end":{"line":330,"column":76}},"111":{"start":{"line":331,"column":24},"end":{"line":331,"column":74}},"112":{"start":{"line":333,"column":8},"end":{"line":342,"column":10}},"113":{"start":{"line":345,"column":4},"end":{"line":345,"column":18}},"114":{"start":{"line":348,"column":18},"end":{"line":348,"column":48}},"115":{"start":{"line":350,"column":2},"end":{"line":355,"column":4}},"116":{"start":{"line":360,"column":19},"end":{"line":420,"column":14}},"117":{"start":{"line":361,"column":19},"end":{"line":361,"column":21}},"118":{"start":{"line":362,"column":21},"end":{"line":362,"column":23}},"119":{"start":{"line":363,"column":17},"end":{"line":363,"column":55}},"120":{"start":{"line":364,"column":17},"end":{"line":364,"column":56}},"121":{"start":{"line":366,"column":4},"end":{"line":418,"column":5}},"122":{"start":{"line":366,"column":19},"end":{"line":366,"column":20}},"123":{"start":{"line":367,"column":6},"end":{"line":417,"column":7}},"124":{"start":{"line":367,"column":21},"end":{"line":367,"column":22}},"125":{"start":{"line":368,"column":18},"end":{"line":368,"column":32}},"126":{"start":{"line":369,"column":18},"end":{"line":369,"column":32}},"127":{"start":{"line":370,"column":21},"end":{"line":370,"column":51}},"128":{"start":{"line":373,"column":8},"end":{"line":384,"column":9}},"129":{"start":{"line":374,"column":10},"end":{"line":383,"column":12}},"130":{"start":{"line":387,"column":8},"end":{"line":400,"column":9}},"131":{"start":{"line":388,"column":10},"end":{"line":399,"column":12}},"132":{"start":{"line":403,"column":8},"end":{"line":416,"column":9}},"133":{"start":{"line":404,"column":10},"end":{"line":415,"column":12}},"134":{"start":{"line":419,"column":4},"end":{"line":419,"column":18}},"135":{"start":{"line":422,"column":18},"end":{"line":422,"column":48}},"136":{"start":{"line":424,"column":2},"end":{"line":429,"column":4}},"137":{"start":{"line":434,"column":23},"end":{"line":469,"column":14}},"138":{"start":{"line":435,"column":19},"end":{"line":435,"column":21}},"139":{"start":{"line":436,"column":18},"end":{"line":436,"column":19}},"140":{"start":{"line":438,"column":23},"end":{"line":442,"column":5}},"141":{"start":{"line":444,"column":24},"end":{"line":448,"column":5}},"142":{"start":{"line":450,"column":4},"end":{"line":467,"column":5}},"143":{"start":{"line":450,"column":17},"end":{"line":450,"column":18}},"144":{"start":{"line":451,"column":17},"end":{"line":451,"column":52}},"145":{"start":{"line":452,"column":17},"end":{"line":452,"column":53}},"146":{"start":{"line":453,"column":16},"end":{"line":453,"column":48}},"147":{"start":{"line":454,"column":21},"end":{"line":454,"column":68}},"148":{"start":{"line":456,"column":6},"end":{"line":466,"column":8}},"149":{"start":{"line":468,"column":4},"end":{"line":468,"column":18}},"150":{"start":{"line":471,"column":18},"end":{"line":471,"column":48}},"151":{"start":{"line":473,"column":2},"end":{"line":478,"column":4}},"152":{"start":{"line":483,"column":23},"end":{"line":510,"column":14}},"153":{"start":{"line":484,"column":19},"end":{"line":484,"column":21}},"154":{"start":{"line":485,"column":18},"end":{"line":485,"column":20}},"155":{"start":{"line":487,"column":4},"end":{"line":508,"column":5}},"156":{"start":{"line":487,"column":17},"end":{"line":487,"column":18}},"157":{"start":{"line":488,"column":17},"end":{"line":488,"column":52}},"158":{"start":{"line":489,"column":17},"end":{"line":489,"column":53}},"159":{"start":{"line":490,"column":16},"end":{"line":490,"column":46}},"160":{"start":{"line":491,"column":22},"end":{"line":491,"column":56}},"161":{"start":{"line":493,"column":25},"end":{"line":493,"column":77}},"162":{"start":{"line":494,"column":26},"end":{"line":494,"column":70}},"163":{"start":{"line":495,"column":21},"end":{"line":495,"column":54}},"164":{"start":{"line":496,"column":20},"end":{"line":496,"column":45}},"165":{"start":{"line":498,"column":6},"end":{"line":507,"column":8}},"166":{"start":{"line":509,"column":4},"end":{"line":509,"column":18}},"167":{"start":{"line":512,"column":18},"end":{"line":512,"column":48}},"168":{"start":{"line":514,"column":2},"end":{"line":519,"column":4}},"169":{"start":{"line":524,"column":19},"end":{"line":558,"column":14}},"170":{"start":{"line":525,"column":19},"end":{"line":525,"column":21}},"171":{"start":{"line":526,"column":18},"end":{"line":526,"column":20}},"172":{"start":{"line":528,"column":4},"end":{"line":556,"column":5}},"173":{"start":{"line":528,"column":17},"end":{"line":528,"column":18}},"174":{"start":{"line":529,"column":17},"end":{"line":529,"column":52}},"175":{"start":{"line":530,"column":17},"end":{"line":530,"column":53}},"176":{"start":{"line":531,"column":19},"end":{"line":531,"column":49}},"177":{"start":{"line":532,"column":23},"end":{"line":532,"column":49}},"178":{"start":{"line":533,"column":20},"end":{"line":533,"column":60}},"179":{"start":{"line":535,"column":21},"end":{"line":535,"column":23}},"180":{"start":{"line":536,"column":6},"end":{"line":540,"column":7}},"181":{"start":{"line":536,"column":19},"end":{"line":536,"column":20}},"182":{"start":{"line":537,"column":22},"end":{"line":537,"column":76}},"183":{"start":{"line":538,"column":18},"end":{"line":538,"column":64}},"184":{"start":{"line":539,"column":8},"end":{"line":539,"column":79}},"185":{"start":{"line":542,"column":22},"end":{"line":542,"column":55}},"186":{"start":{"line":543,"column":28},"end":{"line":543,"column":62}},"187":{"start":{"line":545,"column":6},"end":{"line":555,"column":8}},"188":{"start":{"line":557,"column":4},"end":{"line":557,"column":18}},"189":{"start":{"line":560,"column":19},"end":{"line":562,"column":39}},"190":{"start":{"line":564,"column":2},"end":{"line":576,"column":4}},"191":{"start":{"line":581,"column":16},"end":{"line":619,"column":14}},"192":{"start":{"line":582,"column":19},"end":{"line":582,"column":21}},"193":{"start":{"line":583,"column":22},"end":{"line":583,"column":24}},"194":{"start":{"line":585,"column":4},"end":{"line":617,"column":5}},"195":{"start":{"line":585,"column":17},"end":{"line":585,"column":18}},"196":{"start":{"line":586,"column":21},"end":{"line":586,"column":56}},"197":{"start":{"line":587,"column":21},"end":{"line":587,"column":57}},"198":{"start":{"line":588,"column":17},"end":{"line":588,"column":39}},"199":{"start":{"line":590,"column":21},"end":{"line":590,"column":53}},"200":{"start":{"line":591,"column":23},"end":{"line":591,"column":25}},"201":{"start":{"line":593,"column":6},"end":{"line":604,"column":7}},"202":{"start":{"line":593,"column":19},"end":{"line":593,"column":20}},"203":{"start":{"line":594,"column":22},"end":{"line":594,"column":61}},"204":{"start":{"line":595,"column":21},"end":{"line":595,"column":80}},"205":{"start":{"line":596,"column":26},"end":{"line":596,"column":79}},"206":{"start":{"line":597,"column":22},"end":{"line":597,"column":76}},"207":{"start":{"line":598,"column":22},"end":{"line":598,"column":54}},"208":{"start":{"line":599,"column":21},"end":{"line":599,"column":51}},"209":{"start":{"line":600,"column":21},"end":{"line":600,"column":51}},"210":{"start":{"line":601,"column":20},"end":{"line":601,"column":87}},"211":{"start":{"line":602,"column":20},"end":{"line":602,"column":87}},"212":{"start":{"line":603,"column":8},"end":{"line":603,"column":50}},"213":{"start":{"line":606,"column":22},"end":{"line":606,"column":56}},"214":{"start":{"line":607,"column":6},"end":{"line":616,"column":8}},"215":{"start":{"line":618,"column":4},"end":{"line":618,"column":18}},"216":{"start":{"line":621,"column":18},"end":{"line":621,"column":48}},"217":{"start":{"line":623,"column":2},"end":{"line":628,"column":4}},"218":{"start":{"line":633,"column":18},"end":{"line":661,"column":14}},"219":{"start":{"line":634,"column":19},"end":{"line":634,"column":21}},"220":{"start":{"line":635,"column":20},"end":{"line":635,"column":21}},"221":{"start":{"line":637,"column":4},"end":{"line":659,"column":5}},"222":{"start":{"line":637,"column":17},"end":{"line":637,"column":18}},"223":{"start":{"line":638,"column":17},"end":{"line":638,"column":52}},"224":{"start":{"line":639,"column":17},"end":{"line":639,"column":53}},"225":{"start":{"line":640,"column":23},"end":{"line":640,"column":63}},"226":{"start":{"line":642,"column":6},"end":{"line":658,"column":7}},"227":{"start":{"line":642,"column":19},"end":{"line":642,"column":20}},"228":{"start":{"line":643,"column":18},"end":{"line":643,"column":63}},"229":{"start":{"line":644,"column":24},"end":{"line":644,"column":49}},"230":{"start":{"line":646,"column":8},"end":{"line":657,"column":10}},"231":{"start":{"line":660,"column":4},"end":{"line":660,"column":18}},"232":{"start":{"line":663,"column":19},"end":{"line":665,"column":39}},"233":{"start":{"line":667,"column":2},"end":{"line":679,"column":4}},"234":{"start":{"line":684,"column":18},"end":{"line":727,"column":14}},"235":{"start":{"line":685,"column":19},"end":{"line":685,"column":21}},"236":{"start":{"line":686,"column":20},"end":{"line":686,"column":21}},"237":{"start":{"line":687,"column":17},"end":{"line":687,"column":54}},"238":{"start":{"line":688,"column":17},"end":{"line":688,"column":55}},"239":{"start":{"line":691,"column":4},"end":{"line":706,"column":5}},"240":{"start":{"line":691,"column":19},"end":{"line":691,"column":20}},"241":{"start":{"line":692,"column":16},"end":{"line":692,"column":29}},"242":{"start":{"line":693,"column":22},"end":{"line":693,"column":57}},"243":{"start":{"line":694,"column":6},"end":{"line":705,"column":8}},"244":{"start":{"line":709,"column":4},"end":{"line":724,"column":5}},"245":{"start":{"line":709,"column":19},"end":{"line":709,"column":20}},"246":{"start":{"line":710,"column":16},"end":{"line":710,"column":29}},"247":{"start":{"line":711,"column":22},"end":{"line":711,"column":57}},"248":{"start":{"line":712,"column":6},"end":{"line":723,"column":8}},"249":{"start":{"line":726,"column":4},"end":{"line":726,"column":18}},"250":{"start":{"line":729,"column":18},"end":{"line":729,"column":48}},"251":{"start":{"line":731,"column":2},"end":{"line":736,"column":4}},"252":{"start":{"line":741,"column":16},"end":{"line":777,"column":14}},"253":{"start":{"line":742,"column":19},"end":{"line":742,"column":21}},"254":{"start":{"line":743,"column":18},"end":{"line":743,"column":21}},"255":{"start":{"line":745,"column":4},"end":{"line":775,"column":5}},"256":{"start":{"line":745,"column":17},"end":{"line":745,"column":18}},"257":{"start":{"line":746,"column":16},"end":{"line":746,"column":51}},"258":{"start":{"line":747,"column":16},"end":{"line":747,"column":52}},"259":{"start":{"line":748,"column":19},"end":{"line":748,"column":49}},"260":{"start":{"line":749,"column":22},"end":{"line":749,"column":54}},"261":{"start":{"line":751,"column":6},"end":{"line":760,"column":8}},"262":{"start":{"line":763,"column":6},"end":{"line":774,"column":7}},"263":{"start":{"line":764,"column":8},"end":{"line":773,"column":10}},"264":{"start":{"line":776,"column":4},"end":{"line":776,"column":18}},"265":{"start":{"line":779,"column":19},"end":{"line":781,"column":39}},"266":{"start":{"line":783,"column":2},"end":{"line":794,"column":4}},"267":{"start":{"line":799,"column":16},"end":{"line":846,"column":14}},"268":{"start":{"line":800,"column":19},"end":{"line":800,"column":21}},"269":{"start":{"line":801,"column":22},"end":{"line":801,"column":23}},"270":{"start":{"line":803,"column":4},"end":{"line":844,"column":5}},"271":{"start":{"line":803,"column":17},"end":{"line":803,"column":18}},"272":{"start":{"line":804,"column":20},"end":{"line":804,"column":79}},"273":{"start":{"line":805,"column":17},"end":{"line":805,"column":37}},"274":{"start":{"line":808,"column":6},"end":{"line":813,"column":7}},"275":{"start":{"line":808,"column":19},"end":{"line":808,"column":20}},"276":{"start":{"line":809,"column":22},"end":{"line":809,"column":55}},"277":{"start":{"line":810,"column":22},"end":{"line":810,"column":55}},"278":{"start":{"line":811,"column":18},"end":{"line":811,"column":39}},"279":{"start":{"line":812,"column":8},"end":{"line":812,"column":30}},"280":{"start":{"line":816,"column":6},"end":{"line":816,"column":54}},"281":{"start":{"line":817,"column":6},"end":{"line":822,"column":7}},"282":{"start":{"line":817,"column":19},"end":{"line":817,"column":37}},"283":{"start":{"line":818,"column":22},"end":{"line":818,"column":61}},"284":{"start":{"line":819,"column":22},"end":{"line":819,"column":61}},"285":{"start":{"line":820,"column":18},"end":{"line":820,"column":44}},"286":{"start":{"line":821,"column":8},"end":{"line":821,"column":30}},"287":{"start":{"line":823,"column":6},"end":{"line":823,"column":19}},"288":{"start":{"line":825,"column":25},"end":{"line":830,"column":7}},"289":{"start":{"line":832,"column":26},"end":{"line":837,"column":7}},"290":{"start":{"line":839,"column":21},"end":{"line":839,"column":54}},"291":{"start":{"line":841,"column":6},"end":{"line":843,"column":8}},"292":{"start":{"line":845,"column":4},"end":{"line":845,"column":18}},"293":{"start":{"line":848,"column":19},"end":{"line":850,"column":39}},"294":{"start":{"line":852,"column":2},"end":{"line":864,"column":4}},"295":{"start":{"line":870,"column":19},"end":{"line":969,"column":14}},"296":{"start":{"line":871,"column":19},"end":{"line":871,"column":21}},"297":{"start":{"line":872,"column":25},"end":{"line":872,"column":27}},"298":{"start":{"line":875,"column":24},"end":{"line":875,"column":54}},"299":{"start":{"line":876,"column":22},"end":{"line":876,"column":60}},"300":{"start":{"line":877,"column":21},"end":{"line":877,"column":51}},"301":{"start":{"line":878,"column":22},"end":{"line":878,"column":52}},"302":{"start":{"line":880,"column":4},"end":{"line":946,"column":5}},"303":{"start":{"line":880,"column":17},"end":{"line":880,"column":18}},"304":{"start":{"line":881,"column":17},"end":{"line":881,"column":52}},"305":{"start":{"line":882,"column":17},"end":{"line":882,"column":53}},"306":{"start":{"line":883,"column":23},"end":{"line":883,"column":53}},"307":{"start":{"line":884,"column":23},"end":{"line":884,"column":53}},"308":{"start":{"line":885,"column":29},"end":{"line":887,"column":42}},"309":{"start":{"line":890,"column":23},"end":{"line":890,"column":63}},"310":{"start":{"line":891,"column":6},"end":{"line":916,"column":7}},"311":{"start":{"line":891,"column":19},"end":{"line":891,"column":20}},"312":{"start":{"line":892,"column":27},"end":{"line":892,"column":91}},"313":{"start":{"line":893,"column":26},"end":{"line":893,"column":88}},"314":{"start":{"line":894,"column":28},"end":{"line":894,"column":59}},"315":{"start":{"line":896,"column":19},"end":{"line":896,"column":55}},"316":{"start":{"line":897,"column":19},"end":{"line":897,"column":55}},"317":{"start":{"line":898,"column":19},"end":{"line":898,"column":67}},"318":{"start":{"line":899,"column":19},"end":{"line":899,"column":67}},"319":{"start":{"line":901,"column":25},"end":{"line":901,"column":52}},"320":{"start":{"line":902,"column":22},"end":{"line":902,"column":91}},"321":{"start":{"line":904,"column":8},"end":{"line":915,"column":10}},"322":{"start":{"line":919,"column":24},"end":{"line":919,"column":69}},"323":{"start":{"line":920,"column":6},"end":{"line":931,"column":8}},"324":{"start":{"line":934,"column":6},"end":{"line":945,"column":7}},"325":{"start":{"line":935,"column":8},"end":{"line":944,"column":10}},"326":{"start":{"line":949,"column":22},"end":{"line":949,"column":24}},"327":{"start":{"line":950,"column":4},"end":{"line":966,"column":5}},"328":{"start":{"line":950,"column":17},"end":{"line":950,"column":18}},"329":{"start":{"line":951,"column":16},"end":{"line":951,"column":59}},"330":{"start":{"line":952,"column":16},"end":{"line":952,"column":60}},"331":{"start":{"line":953,"column":19},"end":{"line":953,"column":55}},"332":{"start":{"line":954,"column":22},"end":{"line":954,"column":62}},"333":{"start":{"line":956,"column":6},"end":{"line":965,"column":8}},"334":{"start":{"line":968,"column":4},"end":{"line":968,"column":18}},"335":{"start":{"line":972,"column":19},"end":{"line":974,"column":39}},"336":{"start":{"line":976,"column":22},"end":{"line":976,"column":42}},"337":{"start":{"line":978,"column":2},"end":{"line":994,"column":4}},"338":{"start":{"line":1000,"column":19},"end":{"line":1083,"column":14}},"339":{"start":{"line":1001,"column":19},"end":{"line":1001,"column":21}},"340":{"start":{"line":1002,"column":25},"end":{"line":1002,"column":27}},"341":{"start":{"line":1005,"column":20},"end":{"line":1005,"column":50}},"342":{"start":{"line":1006,"column":25},"end":{"line":1006,"column":34}},"343":{"start":{"line":1007,"column":25},"end":{"line":1007,"column":34}},"344":{"start":{"line":1008,"column":22},"end":{"line":1008,"column":52}},"345":{"start":{"line":1010,"column":4},"end":{"line":1060,"column":5}},"346":{"start":{"line":1010,"column":17},"end":{"line":1010,"column":18}},"347":{"start":{"line":1011,"column":17},"end":{"line":1011,"column":52}},"348":{"start":{"line":1012,"column":17},"end":{"line":1012,"column":53}},"349":{"start":{"line":1013,"column":23},"end":{"line":1013,"column":53}},"350":{"start":{"line":1014,"column":23},"end":{"line":1014,"column":53}},"351":{"start":{"line":1015,"column":29},"end":{"line":1015,"column":61}},"352":{"start":{"line":1018,"column":23},"end":{"line":1018,"column":63}},"353":{"start":{"line":1019,"column":6},"end":{"line":1044,"column":7}},"354":{"start":{"line":1019,"column":19},"end":{"line":1019,"column":20}},"355":{"start":{"line":1020,"column":27},"end":{"line":1020,"column":90}},"356":{"start":{"line":1021,"column":26},"end":{"line":1021,"column":88}},"357":{"start":{"line":1022,"column":28},"end":{"line":1022,"column":59}},"358":{"start":{"line":1024,"column":19},"end":{"line":1024,"column":55}},"359":{"start":{"line":1025,"column":19},"end":{"line":1025,"column":55}},"360":{"start":{"line":1026,"column":19},"end":{"line":1026,"column":67}},"361":{"start":{"line":1027,"column":19},"end":{"line":1027,"column":67}},"362":{"start":{"line":1029,"column":25},"end":{"line":1029,"column":52}},"363":{"start":{"line":1030,"column":22},"end":{"line":1030,"column":91}},"364":{"start":{"line":1032,"column":8},"end":{"line":1043,"column":10}},"365":{"start":{"line":1047,"column":24},"end":{"line":1047,"column":71}},"366":{"start":{"line":1048,"column":6},"end":{"line":1059,"column":8}},"367":{"start":{"line":1063,"column":22},"end":{"line":1063,"column":24}},"368":{"start":{"line":1064,"column":4},"end":{"line":1080,"column":5}},"369":{"start":{"line":1064,"column":17},"end":{"line":1064,"column":18}},"370":{"start":{"line":1065,"column":16},"end":{"line":1065,"column":59}},"371":{"start":{"line":1066,"column":16},"end":{"line":1066,"column":60}},"372":{"start":{"line":1067,"column":19},"end":{"line":1067,"column":55}},"373":{"start":{"line":1068,"column":22},"end":{"line":1068,"column":62}},"374":{"start":{"line":1070,"column":6},"end":{"line":1079,"column":8}},"375":{"start":{"line":1082,"column":4},"end":{"line":1082,"column":18}},"376":{"start":{"line":1085,"column":18},"end":{"line":1085,"column":48}},"377":{"start":{"line":1087,"column":2},"end":{"line":1098,"column":4}},"378":{"start":{"line":1104,"column":19},"end":{"line":1187,"column":14}},"379":{"start":{"line":1105,"column":19},"end":{"line":1105,"column":21}},"380":{"start":{"line":1106,"column":25},"end":{"line":1106,"column":27}},"381":{"start":{"line":1109,"column":27},"end":{"line":1109,"column":57}},"382":{"start":{"line":1110,"column":29},"end":{"line":1110,"column":59}},"383":{"start":{"line":1111,"column":22},"end":{"line":1111,"column":52}},"384":{"start":{"line":1113,"column":4},"end":{"line":1163,"column":5}},"385":{"start":{"line":1113,"column":17},"end":{"line":1113,"column":18}},"386":{"start":{"line":1114,"column":17},"end":{"line":1114,"column":52}},"387":{"start":{"line":1115,"column":17},"end":{"line":1115,"column":53}},"388":{"start":{"line":1116,"column":23},"end":{"line":1116,"column":53}},"389":{"start":{"line":1117,"column":23},"end":{"line":1117,"column":55}},"390":{"start":{"line":1118,"column":29},"end":{"line":1118,"column":62}},"391":{"start":{"line":1121,"column":23},"end":{"line":1121,"column":63}},"392":{"start":{"line":1122,"column":6},"end":{"line":1147,"column":7}},"393":{"start":{"line":1122,"column":19},"end":{"line":1122,"column":20}},"394":{"start":{"line":1123,"column":27},"end":{"line":1123,"column":90}},"395":{"start":{"line":1124,"column":26},"end":{"line":1124,"column":88}},"396":{"start":{"line":1125,"column":28},"end":{"line":1125,"column":59}},"397":{"start":{"line":1127,"column":19},"end":{"line":1127,"column":55}},"398":{"start":{"line":1128,"column":19},"end":{"line":1128,"column":55}},"399":{"start":{"line":1129,"column":19},"end":{"line":1129,"column":67}},"400":{"start":{"line":1130,"column":19},"end":{"line":1130,"column":67}},"401":{"start":{"line":1132,"column":25},"end":{"line":1132,"column":52}},"402":{"start":{"line":1133,"column":22},"end":{"line":1133,"column":91}},"403":{"start":{"line":1135,"column":8},"end":{"line":1146,"column":10}},"404":{"start":{"line":1150,"column":24},"end":{"line":1150,"column":71}},"405":{"start":{"line":1151,"column":6},"end":{"line":1162,"column":8}},"406":{"start":{"line":1166,"column":22},"end":{"line":1166,"column":24}},"407":{"start":{"line":1167,"column":4},"end":{"line":1184,"column":5}},"408":{"start":{"line":1167,"column":17},"end":{"line":1167,"column":18}},"409":{"start":{"line":1168,"column":16},"end":{"line":1168,"column":59}},"410":{"start":{"line":1169,"column":16},"end":{"line":1169,"column":60}},"411":{"start":{"line":1170,"column":19},"end":{"line":1170,"column":56}},"412":{"start":{"line":1171,"column":22},"end":{"line":1171,"column":63}},"413":{"start":{"line":1173,"column":6},"end":{"line":1183,"column":8}},"414":{"start":{"line":1186,"column":4},"end":{"line":1186,"column":18}},"415":{"start":{"line":1190,"column":19},"end":{"line":1192,"column":39}},"416":{"start":{"line":1194,"column":2},"end":{"line":1206,"column":4}},"417":{"start":{"line":1212,"column":19},"end":{"line":1309,"column":14}},"418":{"start":{"line":1213,"column":19},"end":{"line":1213,"column":21}},"419":{"start":{"line":1214,"column":25},"end":{"line":1214,"column":27}},"420":{"start":{"line":1217,"column":28},"end":{"line":1217,"column":58}},"421":{"start":{"line":1218,"column":25},"end":{"line":1218,"column":55}},"422":{"start":{"line":1219,"column":28},"end":{"line":1219,"column":58}},"423":{"start":{"line":1220,"column":22},"end":{"line":1220,"column":52}},"424":{"start":{"line":1222,"column":4},"end":{"line":1286,"column":5}},"425":{"start":{"line":1222,"column":17},"end":{"line":1222,"column":18}},"426":{"start":{"line":1223,"column":17},"end":{"line":1223,"column":52}},"427":{"start":{"line":1224,"column":17},"end":{"line":1224,"column":53}},"428":{"start":{"line":1225,"column":23},"end":{"line":1225,"column":53}},"429":{"start":{"line":1226,"column":23},"end":{"line":1226,"column":55}},"430":{"start":{"line":1227,"column":29},"end":{"line":1227,"column":62}},"431":{"start":{"line":1230,"column":23},"end":{"line":1230,"column":63}},"432":{"start":{"line":1231,"column":6},"end":{"line":1256,"column":7}},"433":{"start":{"line":1231,"column":19},"end":{"line":1231,"column":20}},"434":{"start":{"line":1232,"column":27},"end":{"line":1232,"column":91}},"435":{"start":{"line":1233,"column":26},"end":{"line":1233,"column":90}},"436":{"start":{"line":1234,"column":28},"end":{"line":1234,"column":59}},"437":{"start":{"line":1236,"column":19},"end":{"line":1236,"column":55}},"438":{"start":{"line":1237,"column":19},"end":{"line":1237,"column":55}},"439":{"start":{"line":1238,"column":19},"end":{"line":1238,"column":67}},"440":{"start":{"line":1239,"column":19},"end":{"line":1239,"column":67}},"441":{"start":{"line":1241,"column":25},"end":{"line":1241,"column":52}},"442":{"start":{"line":1242,"column":22},"end":{"line":1242,"column":91}},"443":{"start":{"line":1244,"column":8},"end":{"line":1255,"column":10}},"444":{"start":{"line":1259,"column":24},"end":{"line":1259,"column":72}},"445":{"start":{"line":1260,"column":6},"end":{"line":1271,"column":8}},"446":{"start":{"line":1274,"column":6},"end":{"line":1285,"column":7}},"447":{"start":{"line":1275,"column":8},"end":{"line":1284,"column":10}},"448":{"start":{"line":1289,"column":22},"end":{"line":1289,"column":24}},"449":{"start":{"line":1290,"column":4},"end":{"line":1306,"column":5}},"450":{"start":{"line":1290,"column":17},"end":{"line":1290,"column":18}},"451":{"start":{"line":1291,"column":16},"end":{"line":1291,"column":59}},"452":{"start":{"line":1292,"column":16},"end":{"line":1292,"column":60}},"453":{"start":{"line":1293,"column":19},"end":{"line":1293,"column":55}},"454":{"start":{"line":1294,"column":22},"end":{"line":1294,"column":64}},"455":{"start":{"line":1296,"column":6},"end":{"line":1305,"column":8}},"456":{"start":{"line":1308,"column":4},"end":{"line":1308,"column":18}},"457":{"start":{"line":1312,"column":19},"end":{"line":1314,"column":39}},"458":{"start":{"line":1316,"column":20},"end":{"line":1316,"column":50}},"459":{"start":{"line":1317,"column":22},"end":{"line":1317,"column":41}},"460":{"start":{"line":1319,"column":2},"end":{"line":1335,"column":4}},"461":{"start":{"line":1341,"column":19},"end":{"line":1425,"column":14}},"462":{"start":{"line":1342,"column":19},"end":{"line":1342,"column":21}},"463":{"start":{"line":1343,"column":25},"end":{"line":1343,"column":27}},"464":{"start":{"line":1346,"column":27},"end":{"line":1346,"column":57}},"465":{"start":{"line":1347,"column":29},"end":{"line":1347,"column":59}},"466":{"start":{"line":1348,"column":22},"end":{"line":1348,"column":54}},"467":{"start":{"line":1350,"column":4},"end":{"line":1402,"column":5}},"468":{"start":{"line":1350,"column":17},"end":{"line":1350,"column":18}},"469":{"start":{"line":1351,"column":17},"end":{"line":1351,"column":52}},"470":{"start":{"line":1352,"column":17},"end":{"line":1352,"column":53}},"471":{"start":{"line":1353,"column":23},"end":{"line":1353,"column":53}},"472":{"start":{"line":1354,"column":23},"end":{"line":1354,"column":53}},"473":{"start":{"line":1355,"column":29},"end":{"line":1357,"column":43}},"474":{"start":{"line":1360,"column":23},"end":{"line":1360,"column":63}},"475":{"start":{"line":1361,"column":6},"end":{"line":1386,"column":7}},"476":{"start":{"line":1361,"column":19},"end":{"line":1361,"column":20}},"477":{"start":{"line":1362,"column":27},"end":{"line":1362,"column":90}},"478":{"start":{"line":1363,"column":26},"end":{"line":1363,"column":89}},"479":{"start":{"line":1364,"column":28},"end":{"line":1364,"column":59}},"480":{"start":{"line":1366,"column":19},"end":{"line":1366,"column":55}},"481":{"start":{"line":1367,"column":19},"end":{"line":1367,"column":55}},"482":{"start":{"line":1368,"column":19},"end":{"line":1368,"column":67}},"483":{"start":{"line":1369,"column":19},"end":{"line":1369,"column":67}},"484":{"start":{"line":1371,"column":25},"end":{"line":1371,"column":52}},"485":{"start":{"line":1372,"column":22},"end":{"line":1372,"column":91}},"486":{"start":{"line":1374,"column":8},"end":{"line":1385,"column":10}},"487":{"start":{"line":1389,"column":24},"end":{"line":1389,"column":72}},"488":{"start":{"line":1390,"column":6},"end":{"line":1401,"column":8}},"489":{"start":{"line":1405,"column":22},"end":{"line":1405,"column":24}},"490":{"start":{"line":1406,"column":4},"end":{"line":1422,"column":5}},"491":{"start":{"line":1406,"column":17},"end":{"line":1406,"column":18}},"492":{"start":{"line":1407,"column":16},"end":{"line":1407,"column":59}},"493":{"start":{"line":1408,"column":16},"end":{"line":1408,"column":60}},"494":{"start":{"line":1409,"column":19},"end":{"line":1409,"column":55}},"495":{"start":{"line":1410,"column":22},"end":{"line":1410,"column":64}},"496":{"start":{"line":1412,"column":6},"end":{"line":1421,"column":8}},"497":{"start":{"line":1424,"column":4},"end":{"line":1424,"column":18}},"498":{"start":{"line":1428,"column":19},"end":{"line":1430,"column":41}},"499":{"start":{"line":1432,"column":2},"end":{"line":1443,"column":4}},"500":{"start":{"line":1449,"column":16},"end":{"line":1540,"column":14}},"501":{"start":{"line":1450,"column":19},"end":{"line":1450,"column":21}},"502":{"start":{"line":1453,"column":22},"end":{"line":1453,"column":52}},"503":{"start":{"line":1454,"column":23},"end":{"line":1454,"column":53}},"504":{"start":{"line":1455,"column":22},"end":{"line":1455,"column":60}},"505":{"start":{"line":1458,"column":22},"end":{"line":1458,"column":25}},"506":{"start":{"line":1459,"column":4},"end":{"line":1483,"column":5}},"507":{"start":{"line":1459,"column":17},"end":{"line":1459,"column":18}},"508":{"start":{"line":1460,"column":16},"end":{"line":1460,"column":51}},"509":{"start":{"line":1461,"column":16},"end":{"line":1461,"column":52}},"510":{"start":{"line":1464,"column":19},"end":{"line":1464,"column":48}},"511":{"start":{"line":1465,"column":22},"end":{"line":1465,"column":54}},"512":{"start":{"line":1468,"column":22},"end":{"line":1468,"column":54}},"513":{"start":{"line":1469,"column":23},"end":{"line":1469,"column":49}},"514":{"start":{"line":1471,"column":6},"end":{"line":1482,"column":8}},"515":{"start":{"line":1486,"column":26},"end":{"line":1486,"column":28}},"516":{"start":{"line":1487,"column":4},"end":{"line":1517,"column":5}},"517":{"start":{"line":1487,"column":17},"end":{"line":1487,"column":18}},"518":{"start":{"line":1488,"column":16},"end":{"line":1488,"column":58}},"519":{"start":{"line":1489,"column":16},"end":{"line":1489,"column":60}},"520":{"start":{"line":1490,"column":19},"end":{"line":1490,"column":55}},"521":{"start":{"line":1491,"column":22},"end":{"line":1491,"column":62}},"522":{"start":{"line":1493,"column":6},"end":{"line":1502,"column":8}},"523":{"start":{"line":1505,"column":6},"end":{"line":1516,"column":7}},"524":{"start":{"line":1506,"column":8},"end":{"line":1515,"column":10}},"525":{"start":{"line":1520,"column":22},"end":{"line":1520,"column":23}},"526":{"start":{"line":1521,"column":4},"end":{"line":1537,"column":5}},"527":{"start":{"line":1521,"column":17},"end":{"line":1521,"column":18}},"528":{"start":{"line":1522,"column":21},"end":{"line":1522,"column":64}},"529":{"start":{"line":1523,"column":21},"end":{"line":1523,"column":71}},"530":{"start":{"line":1524,"column":21},"end":{"line":1524,"column":59}},"531":{"start":{"line":1526,"column":6},"end":{"line":1536,"column":8}},"532":{"start":{"line":1539,"column":4},"end":{"line":1539,"column":18}},"533":{"start":{"line":1543,"column":19},"end":{"line":1545,"column":39}},"534":{"start":{"line":1547,"column":22},"end":{"line":1547,"column":42}},"535":{"start":{"line":1549,"column":2},"end":{"line":1566,"column":4}},"536":{"start":{"line":1576,"column":19},"end":{"line":1704,"column":14}},"537":{"start":{"line":1577,"column":19},"end":{"line":1577,"column":21}},"538":{"start":{"line":1580,"column":16},"end":{"line":1580,"column":46}},"539":{"start":{"line":1581,"column":18},"end":{"line":1581,"column":48}},"540":{"start":{"line":1582,"column":17},"end":{"line":1582,"column":55}},"541":{"start":{"line":1583,"column":18},"end":{"line":1583,"column":50}},"542":{"start":{"line":1584,"column":22},"end":{"line":1584,"column":52}},"543":{"start":{"line":1587,"column":24},"end":{"line":1587,"column":26}},"544":{"start":{"line":1588,"column":4},"end":{"line":1612,"column":5}},"545":{"start":{"line":1588,"column":17},"end":{"line":1588,"column":18}},"546":{"start":{"line":1589,"column":17},"end":{"line":1589,"column":53}},"547":{"start":{"line":1590,"column":17},"end":{"line":1590,"column":54}},"548":{"start":{"line":1591,"column":19},"end":{"line":1591,"column":50}},"549":{"start":{"line":1592,"column":23},"end":{"line":1592,"column":50}},"550":{"start":{"line":1593,"column":22},"end":{"line":1593,"column":55}},"551":{"start":{"line":1596,"column":6},"end":{"line":1611,"column":7}},"552":{"start":{"line":1596,"column":19},"end":{"line":1596,"column":20}},"553":{"start":{"line":1597,"column":22},"end":{"line":1597,"column":53}},"554":{"start":{"line":1598,"column":29},"end":{"line":1598,"column":73}},"555":{"start":{"line":1599,"column":19},"end":{"line":1599,"column":81}},"556":{"start":{"line":1600,"column":19},"end":{"line":1600,"column":81}},"557":{"start":{"line":1602,"column":8},"end":{"line":1610,"column":10}},"558":{"start":{"line":1615,"column":26},"end":{"line":1615,"column":28}},"559":{"start":{"line":1616,"column":4},"end":{"line":1646,"column":5}},"560":{"start":{"line":1616,"column":17},"end":{"line":1616,"column":18}},"561":{"start":{"line":1617,"column":16},"end":{"line":1617,"column":59}},"562":{"start":{"line":1618,"column":16},"end":{"line":1618,"column":60}},"563":{"start":{"line":1619,"column":19},"end":{"line":1619,"column":57}},"564":{"start":{"line":1620,"column":22},"end":{"line":1620,"column":62}},"565":{"start":{"line":1621,"column":26},"end":{"line":1621,"column":54}},"566":{"start":{"line":1622,"column":20},"end":{"line":1622,"column":80}},"567":{"start":{"line":1624,"column":6},"end":{"line":1633,"column":8}},"568":{"start":{"line":1636,"column":6},"end":{"line":1645,"column":8}},"569":{"start":{"line":1649,"column":27},"end":{"line":1649,"column":29}},"570":{"start":{"line":1650,"column":4},"end":{"line":1672,"column":5}},"571":{"start":{"line":1650,"column":17},"end":{"line":1650,"column":18}},"572":{"start":{"line":1651,"column":16},"end":{"line":1651,"column":59}},"573":{"start":{"line":1652,"column":16},"end":{"line":1652,"column":60}},"574":{"start":{"line":1653,"column":19},"end":{"line":1653,"column":55}},"575":{"start":{"line":1654,"column":22},"end":{"line":1654,"column":62}},"576":{"start":{"line":1657,"column":6},"end":{"line":1671,"column":7}},"577":{"start":{"line":1657,"column":19},"end":{"line":1657,"column":20}},"578":{"start":{"line":1658,"column":22},"end":{"line":1658,"column":43}},"579":{"start":{"line":1659,"column":8},"end":{"line":1670,"column":10}},"580":{"start":{"line":1675,"column":22},"end":{"line":1675,"column":24}},"581":{"start":{"line":1676,"column":4},"end":{"line":1701,"column":5}},"582":{"start":{"line":1676,"column":17},"end":{"line":1676,"column":18}},"583":{"start":{"line":1677,"column":17},"end":{"line":1677,"column":60}},"584":{"start":{"line":1678,"column":17},"end":{"line":1678,"column":61}},"585":{"start":{"line":1679,"column":19},"end":{"line":1679,"column":56}},"586":{"start":{"line":1680,"column":22},"end":{"line":1680,"column":62}},"587":{"start":{"line":1683,"column":21},"end":{"line":1683,"column":23}},"588":{"start":{"line":1684,"column":6},"end":{"line":1690,"column":7}},"589":{"start":{"line":1684,"column":19},"end":{"line":1684,"column":20}},"590":{"start":{"line":1685,"column":22},"end":{"line":1685,"column":58}},"591":{"start":{"line":1686,"column":18},"end":{"line":1686,"column":49}},"592":{"start":{"line":1687,"column":19},"end":{"line":1687,"column":43}},"593":{"start":{"line":1688,"column":19},"end":{"line":1688,"column":43}},"594":{"start":{"line":1689,"column":8},"end":{"line":1689,"column":65}},"595":{"start":{"line":1691,"column":6},"end":{"line":1691,"column":23}},"596":{"start":{"line":1693,"column":6},"end":{"line":1700,"column":8}},"597":{"start":{"line":1703,"column":4},"end":{"line":1703,"column":18}},"598":{"start":{"line":1707,"column":19},"end":{"line":1709,"column":39}},"599":{"start":{"line":1711,"column":2},"end":{"line":1722,"column":4}},"600":{"start":{"line":1728,"column":19},"end":{"line":1883,"column":14}},"601":{"start":{"line":1729,"column":19},"end":{"line":1729,"column":21}},"602":{"start":{"line":1732,"column":19},"end":{"line":1732,"column":49}},"603":{"start":{"line":1733,"column":19},"end":{"line":1733,"column":49}},"604":{"start":{"line":1734,"column":18},"end":{"line":1734,"column":50}},"605":{"start":{"line":1735,"column":18},"end":{"line":1735,"column":48}},"606":{"start":{"line":1736,"column":18},"end":{"line":1736,"column":48}},"607":{"start":{"line":1739,"column":21},"end":{"line":1739,"column":23}},"608":{"start":{"line":1740,"column":4},"end":{"line":1764,"column":5}},"609":{"start":{"line":1740,"column":17},"end":{"line":1740,"column":18}},"610":{"start":{"line":1741,"column":16},"end":{"line":1741,"column":52}},"611":{"start":{"line":1742,"column":16},"end":{"line":1742,"column":59}},"612":{"start":{"line":1743,"column":19},"end":{"line":1743,"column":50}},"613":{"start":{"line":1744,"column":22},"end":{"line":1744,"column":55}},"614":{"start":{"line":1747,"column":22},"end":{"line":1754,"column":7}},"615":{"start":{"line":1756,"column":6},"end":{"line":1763,"column":8}},"616":{"start":{"line":1767,"column":25},"end":{"line":1767,"column":27}},"617":{"start":{"line":1768,"column":4},"end":{"line":1821,"column":5}},"618":{"start":{"line":1768,"column":17},"end":{"line":1768,"column":18}},"619":{"start":{"line":1769,"column":17},"end":{"line":1769,"column":60}},"620":{"start":{"line":1770,"column":17},"end":{"line":1770,"column":89}},"621":{"start":{"line":1771,"column":19},"end":{"line":1771,"column":57}},"622":{"start":{"line":1772,"column":22},"end":{"line":1772,"column":62}},"623":{"start":{"line":1775,"column":6},"end":{"line":1785,"column":8}},"624":{"start":{"line":1788,"column":6},"end":{"line":1798,"column":8}},"625":{"start":{"line":1801,"column":6},"end":{"line":1820,"column":7}},"626":{"start":{"line":1803,"column":8},"end":{"line":1810,"column":10}},"627":{"start":{"line":1812,"column":8},"end":{"line":1819,"column":10}},"628":{"start":{"line":1824,"column":21},"end":{"line":1824,"column":22}},"629":{"start":{"line":1825,"column":4},"end":{"line":1863,"column":5}},"630":{"start":{"line":1825,"column":17},"end":{"line":1825,"column":18}},"631":{"start":{"line":1826,"column":17},"end":{"line":1826,"column":60}},"632":{"start":{"line":1827,"column":17},"end":{"line":1827,"column":67}},"633":{"start":{"line":1828,"column":19},"end":{"line":1828,"column":57}},"634":{"start":{"line":1829,"column":22},"end":{"line":1829,"column":62}},"635":{"start":{"line":1832,"column":6},"end":{"line":1846,"column":7}},"636":{"start":{"line":1832,"column":19},"end":{"line":1832,"column":20}},"637":{"start":{"line":1833,"column":22},"end":{"line":1833,"column":43}},"638":{"start":{"line":1834,"column":8},"end":{"line":1845,"column":10}},"639":{"start":{"line":1849,"column":6},"end":{"line":1862,"column":7}},"640":{"start":{"line":1849,"column":19},"end":{"line":1849,"column":20}},"641":{"start":{"line":1850,"column":8},"end":{"line":1861,"column":10}},"642":{"start":{"line":1866,"column":25},"end":{"line":1866,"column":27}},"643":{"start":{"line":1867,"column":4},"end":{"line":1880,"column":5}},"644":{"start":{"line":1867,"column":17},"end":{"line":1867,"column":18}},"645":{"start":{"line":1868,"column":16},"end":{"line":1868,"column":59}},"646":{"start":{"line":1869,"column":16},"end":{"line":1869,"column":60}},"647":{"start":{"line":1870,"column":19},"end":{"line":1870,"column":55}},"648":{"start":{"line":1871,"column":22},"end":{"line":1871,"column":59}},"649":{"start":{"line":1872,"column":22},"end":{"line":1872,"column":62}},"650":{"start":{"line":1874,"column":6},"end":{"line":1876,"column":8}},"651":{"start":{"line":1877,"column":6},"end":{"line":1879,"column":8}},"652":{"start":{"line":1882,"column":4},"end":{"line":1882,"column":18}},"653":{"start":{"line":1886,"column":19},"end":{"line":1888,"column":39}},"654":{"start":{"line":1890,"column":2},"end":{"line":1902,"column":4}},"655":{"start":{"line":1908,"column":19},"end":{"line":2049,"column":14}},"656":{"start":{"line":1909,"column":19},"end":{"line":1909,"column":21}},"657":{"start":{"line":1912,"column":19},"end":{"line":1912,"column":49}},"658":{"start":{"line":1913,"column":18},"end":{"line":1913,"column":48}},"659":{"start":{"line":1914,"column":17},"end":{"line":1914,"column":55}},"660":{"start":{"line":1915,"column":16},"end":{"line":1915,"column":46}},"661":{"start":{"line":1916,"column":18},"end":{"line":1916,"column":48}},"662":{"start":{"line":1919,"column":22},"end":{"line":1919,"column":24}},"663":{"start":{"line":1920,"column":4},"end":{"line":1952,"column":5}},"664":{"start":{"line":1920,"column":17},"end":{"line":1920,"column":18}},"665":{"start":{"line":1921,"column":17},"end":{"line":1921,"column":53}},"666":{"start":{"line":1922,"column":17},"end":{"line":1922,"column":54}},"667":{"start":{"line":1923,"column":19},"end":{"line":1923,"column":50}},"668":{"start":{"line":1924,"column":23},"end":{"line":1924,"column":50}},"669":{"start":{"line":1925,"column":22},"end":{"line":1925,"column":55}},"670":{"start":{"line":1926,"column":26},"end":{"line":1926,"column":47}},"671":{"start":{"line":1927,"column":20},"end":{"line":1927,"column":81}},"672":{"start":{"line":1930,"column":23},"end":{"line":1941,"column":7}},"673":{"start":{"line":1943,"column":6},"end":{"line":1951,"column":8}},"674":{"start":{"line":1955,"column":23},"end":{"line":1955,"column":25}},"675":{"start":{"line":1956,"column":4},"end":{"line":1991,"column":5}},"676":{"start":{"line":1956,"column":17},"end":{"line":1956,"column":18}},"677":{"start":{"line":1957,"column":16},"end":{"line":1957,"column":59}},"678":{"start":{"line":1958,"column":20},"end":{"line":1958,"column":92}},"679":{"start":{"line":1959,"column":21},"end":{"line":1959,"column":60}},"680":{"start":{"line":1960,"column":22},"end":{"line":1960,"column":62}},"681":{"start":{"line":1961,"column":19},"end":{"line":1961,"column":57}},"682":{"start":{"line":1964,"column":6},"end":{"line":1973,"column":8}},"683":{"start":{"line":1976,"column":6},"end":{"line":1990,"column":7}},"684":{"start":{"line":1976,"column":19},"end":{"line":1976,"column":20}},"685":{"start":{"line":1977,"column":19},"end":{"line":1977,"column":41}},"686":{"start":{"line":1978,"column":19},"end":{"line":1978,"column":58}},"687":{"start":{"line":1979,"column":8},"end":{"line":1989,"column":10}},"688":{"start":{"line":1994,"column":25},"end":{"line":1994,"column":27}},"689":{"start":{"line":1995,"column":4},"end":{"line":2012,"column":5}},"690":{"start":{"line":1995,"column":17},"end":{"line":1995,"column":18}},"691":{"start":{"line":1996,"column":17},"end":{"line":1996,"column":60}},"692":{"start":{"line":1997,"column":17},"end":{"line":1997,"column":89}},"693":{"start":{"line":1998,"column":19},"end":{"line":1998,"column":57}},"694":{"start":{"line":1999,"column":22},"end":{"line":1999,"column":62}},"695":{"start":{"line":2001,"column":6},"end":{"line":2011,"column":8}},"696":{"start":{"line":2015,"column":23},"end":{"line":2015,"column":25}},"697":{"start":{"line":2016,"column":4},"end":{"line":2046,"column":5}},"698":{"start":{"line":2016,"column":17},"end":{"line":2016,"column":18}},"699":{"start":{"line":2017,"column":16},"end":{"line":2017,"column":59}},"700":{"start":{"line":2018,"column":16},"end":{"line":2018,"column":60}},"701":{"start":{"line":2019,"column":19},"end":{"line":2019,"column":55}},"702":{"start":{"line":2020,"column":22},"end":{"line":2020,"column":62}},"703":{"start":{"line":2023,"column":6},"end":{"line":2033,"column":8}},"704":{"start":{"line":2035,"column":6},"end":{"line":2045,"column":8}},"705":{"start":{"line":2048,"column":4},"end":{"line":2048,"column":18}},"706":{"start":{"line":2052,"column":19},"end":{"line":2054,"column":39}},"707":{"start":{"line":2056,"column":2},"end":{"line":2068,"column":4}},"708":{"start":{"line":2074,"column":19},"end":{"line":2176,"column":14}},"709":{"start":{"line":2075,"column":19},"end":{"line":2075,"column":21}},"710":{"start":{"line":2078,"column":16},"end":{"line":2078,"column":46}},"711":{"start":{"line":2079,"column":18},"end":{"line":2079,"column":50}},"712":{"start":{"line":2080,"column":17},"end":{"line":2080,"column":47}},"713":{"start":{"line":2083,"column":22},"end":{"line":2083,"column":24}},"714":{"start":{"line":2084,"column":4},"end":{"line":2111,"column":5}},"715":{"start":{"line":2084,"column":17},"end":{"line":2084,"column":18}},"716":{"start":{"line":2085,"column":17},"end":{"line":2085,"column":53}},"717":{"start":{"line":2086,"column":17},"end":{"line":2086,"column":54}},"718":{"start":{"line":2087,"column":19},"end":{"line":2087,"column":49}},"719":{"start":{"line":2088,"column":22},"end":{"line":2088,"column":55}},"720":{"start":{"line":2089,"column":26},"end":{"line":2089,"column":47}},"721":{"start":{"line":2090,"column":20},"end":{"line":2090,"column":81}},"722":{"start":{"line":2093,"column":21},"end":{"line":2093,"column":23}},"723":{"start":{"line":2094,"column":6},"end":{"line":2100,"column":7}},"724":{"start":{"line":2094,"column":19},"end":{"line":2094,"column":20}},"725":{"start":{"line":2095,"column":22},"end":{"line":2095,"column":58}},"726":{"start":{"line":2096,"column":18},"end":{"line":2096,"column":49}},"727":{"start":{"line":2097,"column":19},"end":{"line":2097,"column":43}},"728":{"start":{"line":2098,"column":19},"end":{"line":2098,"column":43}},"729":{"start":{"line":2099,"column":8},"end":{"line":2099,"column":65}},"730":{"start":{"line":2101,"column":6},"end":{"line":2101,"column":23}},"731":{"start":{"line":2103,"column":6},"end":{"line":2110,"column":8}},"732":{"start":{"line":2114,"column":26},"end":{"line":2114,"column":28}},"733":{"start":{"line":2115,"column":4},"end":{"line":2155,"column":5}},"734":{"start":{"line":2115,"column":17},"end":{"line":2115,"column":18}},"735":{"start":{"line":2116,"column":17},"end":{"line":2116,"column":60}},"736":{"start":{"line":2117,"column":17},"end":{"line":2117,"column":67}},"737":{"start":{"line":2118,"column":19},"end":{"line":2118,"column":57}},"738":{"start":{"line":2119,"column":22},"end":{"line":2119,"column":62}},"739":{"start":{"line":2120,"column":26},"end":{"line":2120,"column":54}},"740":{"start":{"line":2121,"column":20},"end":{"line":2121,"column":82}},"741":{"start":{"line":2124,"column":19},"end":{"line":2124,"column":68}},"742":{"start":{"line":2125,"column":6},"end":{"line":2154,"column":7}},"743":{"start":{"line":2125,"column":19},"end":{"line":2125,"column":20}},"744":{"start":{"line":2126,"column":22},"end":{"line":2126,"column":46}},"745":{"start":{"line":2127,"column":26},"end":{"line":2127,"column":70}},"746":{"start":{"line":2129,"column":8},"end":{"line":2141,"column":10}},"747":{"start":{"line":2144,"column":8},"end":{"line":2153,"column":10}},"748":{"start":{"line":2158,"column":24},"end":{"line":2158,"column":26}},"749":{"start":{"line":2159,"column":25},"end":{"line":2159,"column":52}},"750":{"start":{"line":2160,"column":4},"end":{"line":2173,"column":5}},"751":{"start":{"line":2160,"column":17},"end":{"line":2160,"column":18}},"752":{"start":{"line":2161,"column":20},"end":{"line":2161,"column":31}},"753":{"start":{"line":2162,"column":6},"end":{"line":2172,"column":8}},"754":{"start":{"line":2175,"column":4},"end":{"line":2175,"column":18}},"755":{"start":{"line":2179,"column":19},"end":{"line":2181,"column":39}},"756":{"start":{"line":2183,"column":2},"end":{"line":2194,"column":4}},"757":{"start":{"line":2200,"column":19},"end":{"line":2294,"column":14}},"758":{"start":{"line":2201,"column":19},"end":{"line":2201,"column":21}},"759":{"start":{"line":2204,"column":20},"end":{"line":2204,"column":50}},"760":{"start":{"line":2205,"column":16},"end":{"line":2205,"column":46}},"761":{"start":{"line":2206,"column":17},"end":{"line":2206,"column":47}},"762":{"start":{"line":2207,"column":17},"end":{"line":2207,"column":47}},"763":{"start":{"line":2208,"column":18},"end":{"line":2208,"column":50}},"764":{"start":{"line":2211,"column":23},"end":{"line":2211,"column":25}},"765":{"start":{"line":2212,"column":4},"end":{"line":2254,"column":5}},"766":{"start":{"line":2212,"column":17},"end":{"line":2212,"column":18}},"767":{"start":{"line":2213,"column":17},"end":{"line":2213,"column":53}},"768":{"start":{"line":2214,"column":17},"end":{"line":2214,"column":54}},"769":{"start":{"line":2215,"column":19},"end":{"line":2215,"column":50}},"770":{"start":{"line":2216,"column":23},"end":{"line":2216,"column":54}},"771":{"start":{"line":2217,"column":22},"end":{"line":2217,"column":55}},"772":{"start":{"line":2218,"column":26},"end":{"line":2218,"column":47}},"773":{"start":{"line":2219,"column":20},"end":{"line":2219,"column":109}},"774":{"start":{"line":2222,"column":24},"end":{"line":2229,"column":7}},"775":{"start":{"line":2231,"column":6},"end":{"line":2239,"column":8}},"776":{"start":{"line":2242,"column":6},"end":{"line":2253,"column":7}},"777":{"start":{"line":2243,"column":8},"end":{"line":2252,"column":10}},"778":{"start":{"line":2257,"column":27},"end":{"line":2257,"column":29}},"779":{"start":{"line":2258,"column":4},"end":{"line":2274,"column":5}},"780":{"start":{"line":2258,"column":17},"end":{"line":2258,"column":18}},"781":{"start":{"line":2259,"column":16},"end":{"line":2259,"column":59}},"782":{"start":{"line":2260,"column":16},"end":{"line":2260,"column":60}},"783":{"start":{"line":2261,"column":19},"end":{"line":2261,"column":56}},"784":{"start":{"line":2262,"column":22},"end":{"line":2262,"column":63}},"785":{"start":{"line":2264,"column":6},"end":{"line":2273,"column":8}},"786":{"start":{"line":2277,"column":25},"end":{"line":2277,"column":27}},"787":{"start":{"line":2278,"column":4},"end":{"line":2291,"column":5}},"788":{"start":{"line":2278,"column":17},"end":{"line":2278,"column":18}},"789":{"start":{"line":2279,"column":16},"end":{"line":2279,"column":60}},"790":{"start":{"line":2280,"column":16},"end":{"line":2280,"column":61}},"791":{"start":{"line":2281,"column":19},"end":{"line":2281,"column":56}},"792":{"start":{"line":2282,"column":22},"end":{"line":2282,"column":63}},"793":{"start":{"line":2285,"column":6},"end":{"line":2290,"column":8}},"794":{"start":{"line":2293,"column":4},"end":{"line":2293,"column":18}},"795":{"start":{"line":2297,"column":19},"end":{"line":2299,"column":39}},"796":{"start":{"line":2301,"column":2},"end":{"line":2312,"column":4}},"797":{"start":{"line":2318,"column":19},"end":{"line":2466,"column":14}},"798":{"start":{"line":2319,"column":19},"end":{"line":2319,"column":21}},"799":{"start":{"line":2322,"column":23},"end":{"line":2322,"column":53}},"800":{"start":{"line":2323,"column":23},"end":{"line":2323,"column":53}},"801":{"start":{"line":2324,"column":25},"end":{"line":2324,"column":55}},"802":{"start":{"line":2325,"column":24},"end":{"line":2325,"column":54}},"803":{"start":{"line":2326,"column":25},"end":{"line":2326,"column":55}},"804":{"start":{"line":2327,"column":18},"end":{"line":2327,"column":50}},"805":{"start":{"line":2329,"column":20},"end":{"line":2329,"column":85}},"806":{"start":{"line":2332,"column":21},"end":{"line":2332,"column":23}},"807":{"start":{"line":2333,"column":4},"end":{"line":2376,"column":5}},"808":{"start":{"line":2333,"column":17},"end":{"line":2333,"column":18}},"809":{"start":{"line":2334,"column":17},"end":{"line":2334,"column":54}},"810":{"start":{"line":2335,"column":17},"end":{"line":2335,"column":55}},"811":{"start":{"line":2336,"column":20},"end":{"line":2336,"column":52}},"812":{"start":{"line":2337,"column":20},"end":{"line":2337,"column":31}},"813":{"start":{"line":2338,"column":23},"end":{"line":2338,"column":55}},"814":{"start":{"line":2339,"column":22},"end":{"line":2339,"column":56}},"815":{"start":{"line":2340,"column":20},"end":{"line":2340,"column":80}},"816":{"start":{"line":2343,"column":6},"end":{"line":2354,"column":8}},"817":{"start":{"line":2357,"column":26},"end":{"line":2357,"column":27}},"818":{"start":{"line":2358,"column":6},"end":{"line":2375,"column":7}},"819":{"start":{"line":2358,"column":19},"end":{"line":2358,"column":20}},"820":{"start":{"line":2359,"column":24},"end":{"line":2359,"column":86}},"821":{"start":{"line":2360,"column":28},"end":{"line":2360,"column":83}},"822":{"start":{"line":2362,"column":8},"end":{"line":2374,"column":10}},"823":{"start":{"line":2379,"column":24},"end":{"line":2379,"column":26}},"824":{"start":{"line":2380,"column":4},"end":{"line":2418,"column":5}},"825":{"start":{"line":2380,"column":17},"end":{"line":2380,"column":18}},"826":{"start":{"line":2381,"column":17},"end":{"line":2381,"column":61}},"827":{"start":{"line":2382,"column":17},"end":{"line":2382,"column":62}},"828":{"start":{"line":2383,"column":19},"end":{"line":2383,"column":58}},"829":{"start":{"line":2384,"column":22},"end":{"line":2384,"column":63}},"830":{"start":{"line":2387,"column":25},"end":{"line":2387,"column":26}},"831":{"start":{"line":2388,"column":6},"end":{"line":2405,"column":7}},"832":{"start":{"line":2388,"column":19},"end":{"line":2388,"column":20}},"833":{"start":{"line":2389,"column":22},"end":{"line":2389,"column":52}},"834":{"start":{"line":2390,"column":19},"end":{"line":2390,"column":52}},"835":{"start":{"line":2391,"column":19},"end":{"line":2391,"column":52}},"836":{"start":{"line":2393,"column":8},"end":{"line":2404,"column":10}},"837":{"start":{"line":2408,"column":6},"end":{"line":2417,"column":8}},"838":{"start":{"line":2421,"column":23},"end":{"line":2421,"column":25}},"839":{"start":{"line":2422,"column":4},"end":{"line":2441,"column":5}},"840":{"start":{"line":2422,"column":17},"end":{"line":2422,"column":18}},"841":{"start":{"line":2423,"column":16},"end":{"line":2423,"column":60}},"842":{"start":{"line":2424,"column":20},"end":{"line":2424,"column":70}},"843":{"start":{"line":2425,"column":21},"end":{"line":2425,"column":60}},"844":{"start":{"line":2426,"column":22},"end":{"line":2426,"column":63}},"845":{"start":{"line":2428,"column":6},"end":{"line":2440,"column":7}},"846":{"start":{"line":2428,"column":19},"end":{"line":2428,"column":20}},"847":{"start":{"line":2429,"column":21},"end":{"line":2429,"column":32}},"848":{"start":{"line":2430,"column":8},"end":{"line":2439,"column":10}},"849":{"start":{"line":2444,"column":27},"end":{"line":2444,"column":28}},"850":{"start":{"line":2445,"column":4},"end":{"line":2463,"column":5}},"851":{"start":{"line":2445,"column":17},"end":{"line":2445,"column":18}},"852":{"start":{"line":2446,"column":16},"end":{"line":2446,"column":60}},"853":{"start":{"line":2447,"column":16},"end":{"line":2447,"column":67}},"854":{"start":{"line":2448,"column":19},"end":{"line":2448,"column":58}},"855":{"start":{"line":2449,"column":22},"end":{"line":2449,"column":63}},"856":{"start":{"line":2450,"column":20},"end":{"line":2450,"column":87}},"857":{"start":{"line":2453,"column":6},"end":{"line":2455,"column":8}},"858":{"start":{"line":2456,"column":6},"end":{"line":2458,"column":8}},"859":{"start":{"line":2460,"column":6},"end":{"line":2462,"column":8}},"860":{"start":{"line":2465,"column":4},"end":{"line":2465,"column":18}},"861":{"start":{"line":2469,"column":19},"end":{"line":2471,"column":39}},"862":{"start":{"line":2473,"column":2},"end":{"line":2484,"column":4}},"863":{"start":{"line":2491,"column":19},"end":{"line":2493,"column":39}},"864":{"start":{"line":2495,"column":19},"end":{"line":2645,"column":14}},"865":{"start":{"line":2496,"column":19},"end":{"line":2496,"column":21}},"866":{"start":{"line":2499,"column":16},"end":{"line":2499,"column":46}},"867":{"start":{"line":2500,"column":18},"end":{"line":2500,"column":48}},"868":{"start":{"line":2501,"column":19},"end":{"line":2501,"column":49}},"869":{"start":{"line":2502,"column":17},"end":{"line":2502,"column":47}},"870":{"start":{"line":2503,"column":19},"end":{"line":2503,"column":57}},"871":{"start":{"line":2504,"column":19},"end":{"line":2504,"column":49}},"872":{"start":{"line":2505,"column":18},"end":{"line":2505,"column":50}},"873":{"start":{"line":2508,"column":21},"end":{"line":2508,"column":51}},"874":{"start":{"line":2510,"column":26},"end":{"line":2510,"column":68}},"875":{"start":{"line":2513,"column":24},"end":{"line":2513,"column":25}},"876":{"start":{"line":2514,"column":4},"end":{"line":2586,"column":5}},"877":{"start":{"line":2514,"column":17},"end":{"line":2514,"column":18}},"878":{"start":{"line":2515,"column":20},"end":{"line":2515,"column":32}},"879":{"start":{"line":2516,"column":24},"end":{"line":2516,"column":26}},"880":{"start":{"line":2519,"column":6},"end":{"line":2528,"column":8}},"881":{"start":{"line":2530,"column":6},"end":{"line":2585,"column":7}},"882":{"start":{"line":2530,"column":19},"end":{"line":2530,"column":20}},"883":{"start":{"line":2531,"column":18},"end":{"line":2531,"column":53}},"884":{"start":{"line":2532,"column":24},"end":{"line":2532,"column":64}},"885":{"start":{"line":2533,"column":18},"end":{"line":2533,"column":33}},"886":{"start":{"line":2534,"column":22},"end":{"line":2534,"column":51}},"887":{"start":{"line":2535,"column":23},"end":{"line":2535,"column":58}},"888":{"start":{"line":2536,"column":22},"end":{"line":2536,"column":61}},"889":{"start":{"line":2537,"column":24},"end":{"line":2537,"column":61}},"890":{"start":{"line":2540,"column":8},"end":{"line":2550,"column":10}},"891":{"start":{"line":2553,"column":28},"end":{"line":2553,"column":29}},"892":{"start":{"line":2554,"column":8},"end":{"line":2568,"column":9}},"893":{"start":{"line":2554,"column":21},"end":{"line":2554,"column":22}},"894":{"start":{"line":2555,"column":23},"end":{"line":2555,"column":58}},"895":{"start":{"line":2556,"column":23},"end":{"line":2556,"column":39}},"896":{"start":{"line":2557,"column":26},"end":{"line":2557,"column":64}},"897":{"start":{"line":2560,"column":10},"end":{"line":2567,"column":12}},"898":{"start":{"line":2571,"column":25},"end":{"line":2571,"column":26}},"899":{"start":{"line":2572,"column":8},"end":{"line":2584,"column":9}},"900":{"start":{"line":2572,"column":21},"end":{"line":2572,"column":22}},"901":{"start":{"line":2573,"column":21},"end":{"line":2573,"column":55}},"902":{"start":{"line":2574,"column":10},"end":{"line":2583,"column":12}},"903":{"start":{"line":2589,"column":24},"end":{"line":2589,"column":26}},"904":{"start":{"line":2590,"column":4},"end":{"line":2617,"column":5}},"905":{"start":{"line":2590,"column":17},"end":{"line":2590,"column":18}},"906":{"start":{"line":2591,"column":17},"end":{"line":2591,"column":54}},"907":{"start":{"line":2592,"column":17},"end":{"line":2592,"column":83}},"908":{"start":{"line":2593,"column":19},"end":{"line":2593,"column":51}},"909":{"start":{"line":2594,"column":22},"end":{"line":2594,"column":56}},"910":{"start":{"line":2597,"column":6},"end":{"line":2616,"column":7}},"911":{"start":{"line":2597,"column":23},"end":{"line":2597,"column":24}},"912":{"start":{"line":2598,"column":26},"end":{"line":2598,"column":50}},"913":{"start":{"line":2599,"column":27},"end":{"line":2599,"column":41}},"914":{"start":{"line":2600,"column":8},"end":{"line":2615,"column":9}},"915":{"start":{"line":2600,"column":21},"end":{"line":2600,"column":22}},"916":{"start":{"line":2601,"column":24},"end":{"line":2601,"column":68}},"917":{"start":{"line":2602,"column":21},"end":{"line":2602,"column":59}},"918":{"start":{"line":2603,"column":21},"end":{"line":2603,"column":59}},"919":{"start":{"line":2605,"column":10},"end":{"line":2614,"column":12}},"920":{"start":{"line":2620,"column":26},"end":{"line":2620,"column":28}},"921":{"start":{"line":2621,"column":4},"end":{"line":2642,"column":5}},"922":{"start":{"line":2621,"column":17},"end":{"line":2621,"column":18}},"923":{"start":{"line":2622,"column":16},"end":{"line":2622,"column":60}},"924":{"start":{"line":2623,"column":16},"end":{"line":2623,"column":61}},"925":{"start":{"line":2624,"column":20},"end":{"line":2624,"column":57}},"926":{"start":{"line":2625,"column":21},"end":{"line":2625,"column":59}},"927":{"start":{"line":2626,"column":23},"end":{"line":2626,"column":58}},"928":{"start":{"line":2627,"column":22},"end":{"line":2627,"column":63}},"929":{"start":{"line":2628,"column":20},"end":{"line":2628,"column":99}},"930":{"start":{"line":2630,"column":6},"end":{"line":2641,"column":8}},"931":{"start":{"line":2644,"column":4},"end":{"line":2644,"column":18}},"932":{"start":{"line":2647,"column":2},"end":{"line":2659,"column":4}},"933":{"start":{"line":2664,"column":2},"end":{"line":2724,"column":3}},"934":{"start":{"line":2666,"column":6},"end":{"line":2666,"column":51}},"935":{"start":{"line":2668,"column":6},"end":{"line":2668,"column":58}},"936":{"start":{"line":2670,"column":6},"end":{"line":2670,"column":53}},"937":{"start":{"line":2672,"column":6},"end":{"line":2672,"column":52}},"938":{"start":{"line":2674,"column":6},"end":{"line":2674,"column":46}},"939":{"start":{"line":2676,"column":6},"end":{"line":2676,"column":49}},"940":{"start":{"line":2678,"column":6},"end":{"line":2678,"column":53}},"941":{"start":{"line":2680,"column":6},"end":{"line":2680,"column":53}},"942":{"start":{"line":2682,"column":6},"end":{"line":2682,"column":46}},"943":{"start":{"line":2684,"column":6},"end":{"line":2684,"column":49}},"944":{"start":{"line":2686,"column":6},"end":{"line":2686,"column":47}},"945":{"start":{"line":2688,"column":6},"end":{"line":2688,"column":53}},"946":{"start":{"line":2690,"column":6},"end":{"line":2690,"column":52}},"947":{"start":{"line":2692,"column":6},"end":{"line":2692,"column":50}},"948":{"start":{"line":2694,"column":6},"end":{"line":2694,"column":52}},"949":{"start":{"line":2696,"column":6},"end":{"line":2696,"column":60}},"950":{"start":{"line":2698,"column":6},"end":{"line":2698,"column":61}},"951":{"start":{"line":2700,"column":6},"end":{"line":2700,"column":57}},"952":{"start":{"line":2702,"column":6},"end":{"line":2702,"column":56}},"953":{"start":{"line":2704,"column":6},"end":{"line":2704,"column":56}},"954":{"start":{"line":2706,"column":6},"end":{"line":2706,"column":52}},"955":{"start":{"line":2709,"column":6},"end":{"line":2709,"column":57}},"956":{"start":{"line":2711,"column":6},"end":{"line":2711,"column":56}},"957":{"start":{"line":2713,"column":6},"end":{"line":2713,"column":60}},"958":{"start":{"line":2715,"column":6},"end":{"line":2715,"column":53}},"959":{"start":{"line":2717,"column":6},"end":{"line":2717,"column":57}},"960":{"start":{"line":2719,"column":6},"end":{"line":2719,"column":53}},"961":{"start":{"line":2721,"column":6},"end":{"line":2721,"column":52}},"962":{"start":{"line":2723,"column":6},"end":{"line":2723,"column":51}}},"fnMap":{"0":{"name":"seededRandom","decl":{"start":{"line":63,"column":9},"end":{"line":63,"column":21}},"loc":{"start":{"line":63,"column":44},"end":{"line":66,"column":1}},"line":63},"1":{"name":"NoiseGrainPattern","decl":{"start":{"line":69,"column":9},"end":{"line":69,"column":26}},"loc":{"start":{"line":69,"column":60},"end":{"line":108,"column":1}},"line":69},"2":{"name":"(anonymous_2)","decl":{"start":{"line":70,"column":23},"end":{"line":70,"column":24}},"loc":{"start":{"line":70,"column":29},"end":{"line":90,"column":3}},"line":70},"3":{"name":"GeometricHexagonsPattern","decl":{"start":{"line":111,"column":9},"end":{"line":111,"column":33}},"loc":{"start":{"line":111,"column":67},"end":{"line":167,"column":1}},"line":111},"4":{"name":"(anonymous_4)","decl":{"start":{"line":116,"column":18},"end":{"line":116,"column":19}},"loc":{"start":{"line":116,"column":60},"end":{"line":123,"column":3}},"line":116},"5":{"name":"(anonymous_5)","decl":{"start":{"line":125,"column":27},"end":{"line":125,"column":28}},"loc":{"start":{"line":125,"column":33},"end":{"line":148,"column":3}},"line":125},"6":{"name":"OrganicBlobsPattern","decl":{"start":{"line":170,"column":9},"end":{"line":170,"column":28}},"loc":{"start":{"line":170,"column":62},"end":{"line":217,"column":1}},"line":170},"7":{"name":"(anonymous_7)","decl":{"start":{"line":171,"column":24},"end":{"line":171,"column":25}},"loc":{"start":{"line":171,"column":30},"end":{"line":201,"column":3}},"line":171},"8":{"name":"TopographicPattern","decl":{"start":{"line":220,"column":9},"end":{"line":220,"column":27}},"loc":{"start":{"line":220,"column":61},"end":{"line":270,"column":1}},"line":220},"9":{"name":"(anonymous_9)","decl":{"start":{"line":221,"column":24},"end":{"line":221,"column":25}},"loc":{"start":{"line":221,"column":30},"end":{"line":251,"column":3}},"line":221},"10":{"name":"WavesPattern","decl":{"start":{"line":273,"column":9},"end":{"line":273,"column":21}},"loc":{"start":{"line":273,"column":55},"end":{"line":311,"column":1}},"line":273},"11":{"name":"(anonymous_11)","decl":{"start":{"line":274,"column":24},"end":{"line":274,"column":25}},"loc":{"start":{"line":274,"column":30},"end":{"line":301,"column":3}},"line":274},"12":{"name":"DotsGridPattern","decl":{"start":{"line":314,"column":9},"end":{"line":314,"column":24}},"loc":{"start":{"line":314,"column":58},"end":{"line":356,"column":1}},"line":314},"13":{"name":"(anonymous_13)","decl":{"start":{"line":315,"column":23},"end":{"line":315,"column":24}},"loc":{"start":{"line":315,"column":29},"end":{"line":346,"column":3}},"line":315},"14":{"name":"CircuitBoardPattern","decl":{"start":{"line":359,"column":9},"end":{"line":359,"column":28}},"loc":{"start":{"line":359,"column":62},"end":{"line":430,"column":1}},"line":359},"15":{"name":"(anonymous_15)","decl":{"start":{"line":360,"column":27},"end":{"line":360,"column":28}},"loc":{"start":{"line":360,"column":33},"end":{"line":420,"column":3}},"line":360},"16":{"name":"MeshGradientPattern","decl":{"start":{"line":433,"column":9},"end":{"line":433,"column":28}},"loc":{"start":{"line":433,"column":62},"end":{"line":479,"column":1}},"line":433},"17":{"name":"(anonymous_17)","decl":{"start":{"line":434,"column":31},"end":{"line":434,"column":32}},"loc":{"start":{"line":434,"column":37},"end":{"line":469,"column":3}},"line":434},"18":{"name":"BokehPattern","decl":{"start":{"line":482,"column":9},"end":{"line":482,"column":21}},"loc":{"start":{"line":482,"column":55},"end":{"line":520,"column":1}},"line":482},"19":{"name":"(anonymous_19)","decl":{"start":{"line":483,"column":31},"end":{"line":483,"column":32}},"loc":{"start":{"line":483,"column":37},"end":{"line":510,"column":3}},"line":483},"20":{"name":"CrystalsPattern","decl":{"start":{"line":523,"column":9},"end":{"line":523,"column":24}},"loc":{"start":{"line":523,"column":58},"end":{"line":577,"column":1}},"line":523},"21":{"name":"(anonymous_21)","decl":{"start":{"line":524,"column":27},"end":{"line":524,"column":28}},"loc":{"start":{"line":524,"column":33},"end":{"line":558,"column":3}},"line":524},"22":{"name":"MarblePattern","decl":{"start":{"line":580,"column":9},"end":{"line":580,"column":22}},"loc":{"start":{"line":580,"column":56},"end":{"line":629,"column":1}},"line":580},"23":{"name":"(anonymous_23)","decl":{"start":{"line":581,"column":24},"end":{"line":581,"column":25}},"loc":{"start":{"line":581,"column":30},"end":{"line":619,"column":3}},"line":581},"24":{"name":"WaterRipplesPattern","decl":{"start":{"line":632,"column":9},"end":{"line":632,"column":28}},"loc":{"start":{"line":632,"column":62},"end":{"line":680,"column":1}},"line":632},"25":{"name":"(anonymous_25)","decl":{"start":{"line":633,"column":26},"end":{"line":633,"column":27}},"loc":{"start":{"line":633,"column":32},"end":{"line":661,"column":3}},"line":633},"26":{"name":"FabricWeavePattern","decl":{"start":{"line":683,"column":9},"end":{"line":683,"column":27}},"loc":{"start":{"line":683,"column":61},"end":{"line":737,"column":1}},"line":683},"27":{"name":"(anonymous_27)","decl":{"start":{"line":684,"column":26},"end":{"line":684,"column":27}},"loc":{"start":{"line":684,"column":32},"end":{"line":727,"column":3}},"line":684},"28":{"name":"StarfieldPattern","decl":{"start":{"line":740,"column":9},"end":{"line":740,"column":25}},"loc":{"start":{"line":740,"column":59},"end":{"line":795,"column":1}},"line":740},"29":{"name":"(anonymous_29)","decl":{"start":{"line":741,"column":24},"end":{"line":741,"column":25}},"loc":{"start":{"line":741,"column":30},"end":{"line":777,"column":3}},"line":741},"30":{"name":"AuroraBandsPattern","decl":{"start":{"line":798,"column":9},"end":{"line":798,"column":27}},"loc":{"start":{"line":798,"column":61},"end":{"line":865,"column":1}},"line":798},"31":{"name":"(anonymous_31)","decl":{"start":{"line":799,"column":24},"end":{"line":799,"column":25}},"loc":{"start":{"line":799,"column":30},"end":{"line":846,"column":3}},"line":799},"32":{"name":"MidnightGoldLeopardPattern","decl":{"start":{"line":869,"column":9},"end":{"line":869,"column":35}},"loc":{"start":{"line":869,"column":69},"end":{"line":995,"column":1}},"line":869},"33":{"name":"(anonymous_33)","decl":{"start":{"line":870,"column":27},"end":{"line":870,"column":28}},"loc":{"start":{"line":870,"column":33},"end":{"line":969,"column":3}},"line":870},"34":{"name":"ClassicSafariLeopardPattern","decl":{"start":{"line":999,"column":9},"end":{"line":999,"column":36}},"loc":{"start":{"line":999,"column":70},"end":{"line":1099,"column":1}},"line":999},"35":{"name":"(anonymous_35)","decl":{"start":{"line":1000,"column":27},"end":{"line":1000,"column":28}},"loc":{"start":{"line":1000,"column":33},"end":{"line":1083,"column":3}},"line":1000},"36":{"name":"SnowLeopardFrostPattern","decl":{"start":{"line":1103,"column":9},"end":{"line":1103,"column":32}},"loc":{"start":{"line":1103,"column":66},"end":{"line":1207,"column":1}},"line":1103},"37":{"name":"(anonymous_37)","decl":{"start":{"line":1104,"column":27},"end":{"line":1104,"column":28}},"loc":{"start":{"line":1104,"column":33},"end":{"line":1187,"column":3}},"line":1104},"38":{"name":"RoseGoldLeopardPattern","decl":{"start":{"line":1211,"column":9},"end":{"line":1211,"column":31}},"loc":{"start":{"line":1211,"column":65},"end":{"line":1336,"column":1}},"line":1211},"39":{"name":"(anonymous_39)","decl":{"start":{"line":1212,"column":27},"end":{"line":1212,"column":28}},"loc":{"start":{"line":1212,"column":33},"end":{"line":1309,"column":3}},"line":1212},"40":{"name":"ObsidianLeopardPattern","decl":{"start":{"line":1340,"column":9},"end":{"line":1340,"column":31}},"loc":{"start":{"line":1340,"column":65},"end":{"line":1444,"column":1}},"line":1340},"41":{"name":"(anonymous_41)","decl":{"start":{"line":1341,"column":27},"end":{"line":1341,"column":28}},"loc":{"start":{"line":1341,"column":33},"end":{"line":1425,"column":3}},"line":1341},"42":{"name":"CheetahLuxePattern","decl":{"start":{"line":1448,"column":9},"end":{"line":1448,"column":27}},"loc":{"start":{"line":1448,"column":61},"end":{"line":1567,"column":1}},"line":1448},"43":{"name":"(anonymous_43)","decl":{"start":{"line":1449,"column":24},"end":{"line":1449,"column":25}},"loc":{"start":{"line":1449,"column":30},"end":{"line":1540,"column":3}},"line":1449},"44":{"name":"ChristmasFestivePattern","decl":{"start":{"line":1575,"column":9},"end":{"line":1575,"column":32}},"loc":{"start":{"line":1575,"column":66},"end":{"line":1723,"column":1}},"line":1575},"45":{"name":"(anonymous_45)","decl":{"start":{"line":1576,"column":27},"end":{"line":1576,"column":28}},"loc":{"start":{"line":1576,"column":33},"end":{"line":1704,"column":3}},"line":1576},"46":{"name":"HalloweenSpookyPattern","decl":{"start":{"line":1727,"column":9},"end":{"line":1727,"column":31}},"loc":{"start":{"line":1727,"column":65},"end":{"line":1903,"column":1}},"line":1727},"47":{"name":"(anonymous_47)","decl":{"start":{"line":1728,"column":27},"end":{"line":1728,"column":28}},"loc":{"start":{"line":1728,"column":33},"end":{"line":1883,"column":3}},"line":1728},"48":{"name":"ThanksgivingHarvestPattern","decl":{"start":{"line":1907,"column":9},"end":{"line":1907,"column":35}},"loc":{"start":{"line":1907,"column":69},"end":{"line":2069,"column":1}},"line":1907},"49":{"name":"(anonymous_49)","decl":{"start":{"line":1908,"column":27},"end":{"line":1908,"column":28}},"loc":{"start":{"line":1908,"column":33},"end":{"line":2049,"column":3}},"line":1908},"50":{"name":"FourthOfJulyPattern","decl":{"start":{"line":2073,"column":9},"end":{"line":2073,"column":28}},"loc":{"start":{"line":2073,"column":62},"end":{"line":2195,"column":1}},"line":2073},"51":{"name":"(anonymous_51)","decl":{"start":{"line":2074,"column":27},"end":{"line":2074,"column":28}},"loc":{"start":{"line":2074,"column":33},"end":{"line
[...]
:{"start":{"line":2208,"column":18},"end":{"line":2208,"column":50}},"type":"cond-expr","locations":[{"start":{"line":2208,"column":27},"end":{"line":2208,"column":36}},{"start":{"line":2208,"column":39},"end":{"line":2208,"column":50}}],"line":2208},"136":{"loc":{"start":{"line":2219,"column":20},"end":{"line":2219,"column":109}},"type":"cond-expr","locations":[{"start":{"line":2219,"column":41},"end":{"line":2219,"column":44}},{"start":{"line":2219,"column":47},"end":{"line":2219,"column":109}}],"line":2219},"137":{"loc":{"start":{"line":2219,"column":47},"end":{"line":2219,"column":109}},"type":"cond-expr","locations":[{"start":{"line":2219,"column":67},"end":{"line":2219,"column":74}},{"start":{"line":2219,"column":77},"end":{"line":2219,"column":109}}],"line":2219},"138":{"loc":{"start":{"line":2219,"column":77},"end":{"line":2219,"column":109}},"type":"cond-expr","locations":[{"start":{"line":2219,"column":98},"end":{"line":2219,"column":102}},{"start":{"line":2219,"column":105},"end":{"line":2219,"column":109}}],"line":2219},"139":{"loc":{"start":{"line":2242,"column":6},"end":{"line":2253,"column":7}},"type":"if","locations":[{"start":{"line":2242,"column":6},"end":{"line":2253,"column":7}},{"start":{},"end":{}}],"line":2242},"140":{"loc":{"start":{"line":2297,"column":19},"end":{"line":2299,"column":39}},"type":"cond-expr","locations":[{"start":{"line":2298,"column":6},"end":{"line":2298,"column":39}},{"start":{"line":2299,"column":6},"end":{"line":2299,"column":39}}],"line":2297},"141":{"loc":{"start":{"line":2322,"column":23},"end":{"line":2322,"column":53}},"type":"cond-expr","locations":[{"start":{"line":2322,"column":32},"end":{"line":2322,"column":41}},{"start":{"line":2322,"column":44},"end":{"line":2322,"column":53}}],"line":2322},"142":{"loc":{"start":{"line":2323,"column":23},"end":{"line":2323,"column":53}},"type":"cond-expr","locations":[{"start":{"line":2323,"column":32},"end":{"line":2323,"column":41}},{"start":{"line":2323,"column":44},"end":{"line":2323,"column":53}}],"line":2323},"143":{"loc":{"start":{"line":2324,"column":25},"end":{"line":2324,"column":55}},"type":"cond-expr","locations":[{"start":{"line":2324,"column":34},"end":{"line":2324,"column":43}},{"start":{"line":2324,"column":46},"end":{"line":2324,"column":55}}],"line":2324},"144":{"loc":{"start":{"line":2325,"column":24},"end":{"line":2325,"column":54}},"type":"cond-expr","locations":[{"start":{"line":2325,"column":33},"end":{"line":2325,"column":42}},{"start":{"line":2325,"column":45},"end":{"line":2325,"column":54}}],"line":2325},"145":{"loc":{"start":{"line":2326,"column":25},"end":{"line":2326,"column":55}},"type":"cond-expr","locations":[{"start":{"line":2326,"column":34},"end":{"line":2326,"column":43}},{"start":{"line":2326,"column":46},"end":{"line":2326,"column":55}}],"line":2326},"146":{"loc":{"start":{"line":2327,"column":18},"end":{"line":2327,"column":50}},"type":"cond-expr","locations":[{"start":{"line":2327,"column":27},"end":{"line":2327,"column":36}},{"start":{"line":2327,"column":39},"end":{"line":2327,"column":50}}],"line":2327},"147":{"loc":{"start":{"line":2461,"column":88},"end":{"line":2461,"column":125}},"type":"cond-expr","locations":[{"start":{"line":2461,"column":97},"end":{"line":2461,"column":106}},{"start":{"line":2461,"column":109},"end":{"line":2461,"column":125}}],"line":2461},"148":{"loc":{"start":{"line":2469,"column":19},"end":{"line":2471,"column":39}},"type":"cond-expr","locations":[{"start":{"line":2470,"column":6},"end":{"line":2470,"column":39}},{"start":{"line":2471,"column":6},"end":{"line":2471,"column":39}}],"line":2469},"149":{"loc":{"start":{"line":2491,"column":19},"end":{"line":2493,"column":39}},"type":"cond-expr","locations":[{"start":{"line":2492,"column":6},"end":{"line":2492,"column":39}},{"start":{"line":2493,"column":6},"end":{"line":2493,"column":39}}],"line":2491},"150":{"loc":{"start":{"line":2499,"column":16},"end":{"line":2499,"column":46}},"type":"cond-expr","locations":[{"start":{"line":2499,"column":25},"end":{"line":2499,"column":34}},{"start":{"line":2499,"column":37},"end":{"line":2499,"column":46}}],"line":2499},"151":{"loc":{"start":{"line":2500,"column":18},"end":{"line":2500,"column":48}},"type":"cond-expr","locations":[{"start":{"line":2500,"column":27},"end":{"line":2500,"column":36}},{"start":{"line":2500,"column":39},"end":{"line":2500,"column":48}}],"line":2500},"152":{"loc":{"start":{"line":2501,"column":19},"end":{"line":2501,"column":49}},"type":"cond-expr","locations":[{"start":{"line":2501,"column":28},"end":{"line":2501,"column":37}},{"start":{"line":2501,"column":40},"end":{"line":2501,"column":49}}],"line":2501},"153":{"loc":{"start":{"line":2502,"column":17},"end":{"line":2502,"column":47}},"type":"cond-expr","locations":[{"start":{"line":2502,"column":26},"end":{"line":2502,"column":35}},{"start":{"line":2502,"column":38},"end":{"line":2502,"column":47}}],"line":2502},"154":{"loc":{"start":{"line":2503,"column":19},"end":{"line":2503,"column":57}},"type":"cond-expr","locations":[{"start":{"line":2503,"column":28},"end":{"line":2503,"column":45}},{"start":{"line":2503,"column":48},"end":{"line":2503,"column":57}}],"line":2503},"155":{"loc":{"start":{"line":2504,"column":19},"end":{"line":2504,"column":49}},"type":"cond-expr","locations":[{"start":{"line":2504,"column":28},"end":{"line":2504,"column":37}},{"start":{"line":2504,"column":40},"end":{"line":2504,"column":49}}],"line":2504},"156":{"loc":{"start":{"line":2505,"column":18},"end":{"line":2505,"column":50}},"type":"cond-expr","locations":[{"start":{"line":2505,"column":27},"end":{"line":2505,"column":36}},{"start":{"line":2505,"column":39},"end":{"line":2505,"column":50}}],"line":2505},"157":{"loc":{"start":{"line":2508,"column":21},"end":{"line":2508,"column":51}},"type":"cond-expr","locations":[{"start":{"line":2508,"column":30},"end":{"line":2508,"column":39}},{"start":{"line":2508,"column":42},"end":{"line":2508,"column":51}}],"line":2508},"158":{"loc":{"start":{"line":2523,"column":18},"end":{"line":2523,"column":48}},"type":"cond-expr","locations":[{"start":{"line":2523,"column":27},"end":{"line":2523,"column":36}},{"start":{"line":2523,"column":39},"end":{"line":2523,"column":48}}],"line":2523},"159":{"loc":{"start":{"line":2611,"column":20},"end":{"line":2611,"column":49}},"type":"cond-expr","locations":[{"start":{"line":2611,"column":34},"end":{"line":2611,"column":40}},{"start":{"line":2611,"column":43},"end":{"line":2611,"column":49}}],"line":2611},"160":{"loc":{"start":{"line":2664,"column":2},"end":{"line":2724,"column":3}},"type":"switch","locations":[{"start":{"line":2665,"column":4},"end":{"line":2666,"column":51}},{"start":{"line":2667,"column":4},"end":{"line":2668,"column":58}},{"start":{"line":2669,"column":4},"end":{"line":2670,"column":53}},{"start":{"line":2671,"column":4},"end":{"line":2672,"column":52}},{"start":{"line":2673,"column":4},"end":{"line":2674,"column":46}},{"start":{"line":2675,"column":4},"end":{"line":2676,"column":49}},{"start":{"line":2677,"column":4},"end":{"line":2678,"column":53}},{"start":{"line":2679,"column":4},"end":{"line":2680,"column":53}},{"start":{"line":2681,"column":4},"end":{"line":2682,"column":46}},{"start":{"line":2683,"column":4},"end":{"line":2684,"column":49}},{"start":{"line":2685,"column":4},"end":{"line":2686,"column":47}},{"start":{"line":2687,"column":4},"end":{"line":2688,"column":53}},{"start":{"line":2689,"column":4},"end":{"line":2690,"column":52}},{"start":{"line":2691,"column":4},"end":{"line":2692,"column":50}},{"start":{"line":2693,"column":4},"end":{"line":2694,"column":52}},{"start":{"line":2695,"column":4},"end":{"line":2696,"column":60}},{"start":{"line":2697,"column":4},"end":{"line":2698,"column":61}},{"start":{"line":2699,"column":4},"end":{"line":2700,"column":57}},{"start":{"line":2701,"column":4},"end":{"line":2702,"column":56}},{"start":{"line":2703,"column":4},"end":{"line":2704,"column":56}},{"start":{"line":2705,"column":4},"end":{"line":2706,"column":52}},{"start":{"line":2708,"column":4},"end":{"line":2709,"column":57}},{"start":{"line":2710,"column":4},"end":{"line":2711,"column":56}},{"start":{"line":2712,"column":4},"end":{"line":2713,"column":60}},{"start":{"line":2714,"column":4},"end":{"line":2715,"column":53}},{"start":{"line":2716,"column":4},"end":{"line":2717,"column":57}},{"start":{"line":2718,"column":4},"end":{"line":2719,"column":53}},{"start":{"line":2720,"column":4},"end":{"line":2721,"column":52}},{"start":{"line":2722,"column":4},"end":{"line":2723,"column":51}}],"line":2664}},"s":{"0":2,"1":214708,"2":214708,"3":14,"4":14,"5":14,"6":14,"7":14,"8":16800,"9":16800,"10":16800,"11":16800,"12":16800,"13":14,"14":14,"15":14,"16":9,"17":9,"18":9,"19":9,"20":2970,"21":2970,"22":2970,"23":17820,"24":17820,"25":2970,"26":9,"27":9,"28":9,"29":9,"30":9,"31":9,"32":198,"33":198,"34":2970,"35":2970,"36":2970,"37":2970,"38":9,"39":9,"40":9,"41":7,"42":7,"43":7,"44":7,"45":7,"46":56,"47":56,"48":56,"49":56,"50":56,"51":56,"52":56,"53":56,"54":7,"55":7,"56":7,"57":7,"58":7,"59":7,"60":7,"61":7,"62":175,"63":175,"64":175,"65":175,"66":175,"67":3500,"68":3500,"69":3500,"70":3500,"71":3500,"72":175,"73":175,"74":7,"75":7,"76":7,"77":9,"78":9,"79":9,"80":9,"81":9,"82":108,"83":108,"84":108,"85":108,"86":108,"87":108,"88":4644,"89":4644,"90":108,"91":108,"92":108,"93":9,"94":9,"95":9,"96":11,"97":11,"98":11,"99":11,"100":11,"101":11,"102":11,"103":627,"104":627,"105":20691,"106":20691,"107":20691,"108":20691,"109":20691,"110":20691,"111":20691,"112":20691,"113":11,"114":11,"115":11,"116":10,"117":10,"118":10,"119":10,"120":10,"121":10,"122":10,"123":350,"124":350,"125":7000,"126":7000,"127":7000,"128":7000,"129":1920,"130":7000,"131":2090,"132":7000,"133":2060,"134":10,"135":10,"136":10,"137":6,"138":6,"139":6,"140":6,"141":6,"142":6,"143":6,"144":36,"145":36,"146":36,"147":36,"148":36,"149":6,"150":6,"151":6,"152":8,"153":8,"154":8,"155":8,"156":8,"157":240,"158":240,"159":240,"160":240,"161":240,"162":240,"163":240,"164":240,"165":240,"166":8,"167":8,"168":8,"169":6,"170":6,"171":6,"172":6,"173":6,"174":90,"175":90,"176":90,"177":90,"178":90,"179":90,"180":90,"181":90,"182":552,"183":552,"184":552,"185":90,"186":90,"187":90,"188":6,"189":6,"190":6,"191":6,"192":6,"193":6,"194":6,"195":6,"196":90,"197":90,"198":90,"199":90,"200":90,"201":90,"202":90,"203":900,"204":900,"205":900,"206":900,"207":900,"208":900,"209":900,"210":900,"211":900,"212":900,"213":90,"214":90,"215":6,"216":6,"217":6,"218":6,"219":6,"220":6,"221":6,"222":6,"223":30,"224":30,"225":30,"226":30,"227":30,"228":210,"229":210,"230":210,"231":6,"232":6,"233":6,"234":6,"235":6,"236":6,"237":6,"238":6,"239":6,"240":6,"241":1008,"242":1008,"243":1008,"244":6,"245":6,"246":570,"247":570,"248":570,"249":6,"250":6,"251":6,"252":8,"253":8,"254":8,"255":8,"256":8,"257":1600,"258":1600,"259":1600,"260":1600,"261":1600,"262":1600,"263":216,"264":8,"265":8,"266":8,"267":7,"268":7,"269":7,"270":7,"271":7,"272":56,"273":56,"274":56,"275":56,"276":1624,"277":1624,"278":1624,"279":1624,"280":56,"281":56,"282":56,"283":1736,"284":1736,"285":1736,"286":1736,"287":56,"288":56,"289":56,"290":56,"291":56,"292":7,"293":7,"294":7,"295":7,"296":7,"297":7,"298":7,"299":7,"300":7,"301":7,"302":7,"303":7,"304":315,"305":315,"306":315,"307":315,"308":315,"309":315,"310":315,"311":315,"312":1883,"313":1883,"314":1883,"315":1883,"316":1883,"317":1883,"318":1883,"319":1883,"320":1883,"321":1883,"322":315,"323":315,"324":315,"325":126,"326":7,"327":7,"328":7,"329":420,"330":420,"331":420,"332":420,"333":420,"334":7,"335":7,"336":7,"337":7,"338":6,"339":6,"340":6,"341":6,"342":6,"343":6,"344":6,"345":6,"346":6,"347":300,"348":300,"349":300,"350":300,"351":300,"352":300,"353":300,"354":300,"355":1488,"356":1488,"357":1488,"358":1488,"359":1488,"360":1488,"361":1488,"362":1488,"363":1488,"364":1488,"365":300,"366":300,"367":6,"368":6,"369":6,"370":420,"371":420,"372":420,"373":420,"374":420,"375":6,"376":6,"377":6,"378":6,"379":6,"380":6,"381":6,"382":6,"383":6,"384":6,"385":6,"386":270,"387":270,"388":270,"389":270,"390":270,"391":270,"392":270,"393":270,"394":1224,"395":1224,"396":1224,"397":1224,"398":1224,"399":1224,"400":1224,"401":1224,"402":1224,"403":1224,"404":270,"405":270,"406":6,"407":6,"408":6,"409":330,"410":330,"411":330,"412":330,"413":330,"414":6,"415":6,"416":6,"417":6,"418":6,"419":6,"420":6,"421":6,"422":6,"423":6,"424":6,"425":6,"426":288,"427":288,"428":288,"429":288,"430":288,"431":288,"432":288,"433":288,"434":1758,"435":1758,"436":1758,"437":1758,"438":1758,"439":1758,"440":1758,"441":1758,"442":1758,"443":1758,"444":288,"445":288,"446":288,"447":132,"448":6,"449":6,"450":6,"451":390,"452":390,"453":390,"454":390,"455":390,"456":6,"457":6,"458":6,"459":6,"460":6,"461":6,"462":6,"463":6,"464":6,"465":6,"466":6,"467":6,"468":6,"469":252,"470":252,"471":252,"472":252,"473":252,"474":252,"475":252,"476":252,"477":1122,"478":1122,"479":1122,"480":1122,"481":1122,"482":1122,"483":1122,"484":1122,"485":1122,"486":1122,"487":252,"488":252,"489":6,"490":6,"491":6,"492":240,"493":240,"494":240,"495":240,"496":240,"497":6,"498":6,"499":6,"500":6,"501":6,"502":6,"503":6,"504":6,"505":6,"506":6,"507":6,"508":1080,"509":1080,"510":1080,"511":1080,"512":1080,"513":1080,"514":1080,"515":6,"516":6,"517":6,"518":150,"519":150,"520":150,"521":150,"522":150,"523":150,"524":48,"525":6,"526":6,"527":6,"528":36,"529":36,"530":36,"531":36,"532":6,"533":6,"534":6,"535":6,"536":8,"537":8,"538":8,"539":8,"540":8,"541":8,"542":8,"543":8,"544":8,"545":8,"546":120,"547":120,"548":120,"549":120,"550":120,"551":120,"552":120,"553":840,"554":840,"555":840,"556":840,"557":840,"558":8,"559":8,"560":8,"561":200,"562":200,"563":200,"564":200,"565":200,"566":200,"567":200,"568":200,"569":8,"570":8,"571":8,"572":320,"573":320,"574":320,"575":320,"576":320,"577":320,"578":1920,"579":1920,"580":8,"581":8,"582":8,"583":96,"584":96,"585":96,"586":96,"587":96,"588":96,"589":96,"590":960,"591":960,"592":960,"593":960,"594":960,"595":96,"596":96,"597":8,"598":8,"599":8,"600":6,"601":6,"602":6,"603":6,"604":6,"605":6,"606":6,"607":6,"608":6,"609":6,"610":108,"611":108,"612":108,"613":108,"614":108,"615":108,"616":6,"617":6,"618":6,"619":72,"620":72,"621":72,"622":72,"623":72,"624":72,"625":72,"626":36,"627":36,"628":6,"629":6,"630":6,"631":48,"632":48,"633":48,"634":48,"635":48,"636":48,"637":384,"638":384,"639":48,"640":48,"641":192,"642":6,"643":6,"644":6,"645":90,"646":90,"647":90,"648":90,"649":90,"650":90,"651":90,"652":6,"653":6,"654":6,"655":6,"656":6,"657":6,"658":6,"659":6,"660":6,"661":6,"662":6,"663":6,"664":6,"665":270,"666":270,"667":270,"668":270,"669":270,"670":270,"671":270,"672":270,"673":270,"674":6,"675":6,"676":6,"677":120,"678":120,"679":120,"680":120,"681":120,"682":120,"683":120,"684":120,"685":960,"686":960,"687":960,"688":6,"689":6,"690":6,"691":60,"692":60,"693":60,"694":60,"695":60,"696":6,"697":6,"698":6,"699":150,"700":150,"701":150,"702":150,"703":150,"704":150,"705":6,"706":6,"707":6,"708":6,"709":6,"710":6,"711":6,"712":6,"713":6,"714":6,"715":6,"716":300,"717":300,"718":300,"719":300,"720":300,"721":300,"722":300,"723":300,"724":300,"725":3000,"726":3000,"727":3000,"728":3000,"729":3000,"730":300,"731":300,"732":6,"733":6,"734":6,"735":72,"736":72,"737":72,"738":72,"739":72,"740":72,"741":72,"742":72,"743":72,"744":1062,"745":1062,"746":1062,"747":1062,"748":6,"749":6,"750":6,"751":6,"752":78,"753":78,"754":6,"755":6,"756":6,"757":6,"758":6,"759":6,"760":6,"761":6,"762":6,"763":6,"764":6,"765":6,"766":6,"767":210,"768":210,"769":210,"770":210,"771":210,"772":210,"773":210,"774":210,"775":210,"776":210,"777":66,"778":6,"779":6,"780":6,"781":240,"782":240,"783":240,"784":240,"785":240,"786":6,"787":6,"788":6,"789":180,"790":180,"791":180,"792":180,"793":180,"794":6,"795":6,"796":6,"797":6,"798":6,"799":6,"800":6,"801":6,"802":6,"803":6,"804":6,"805":6,"806":6,"807":6,"808":6,"809":150,"810":150,"811":150,"812":150,"813":150,"814":150,"815":150,"816":150,"817":150,"818":150,"819":150,"820":450,"821":450,"822":450,"823":6,"824":6,"825":6,"826":120,"827":120,"828":120,"829":120,"830":120,"831":120,"832":120,"833":720,"834":720,"835":720,"836":720,"837":120,"838":6,"839":6,"840":6,"841":180,"842":180,"843":180,"844":180,"845":180,"846":180,"847":540,"848":540,"849":6,"850":6,"851":6,"852":48,"853":48,"854":48,"855":48,"856":48,"857":48,"858":48,"859":48,"860":6,"861":6,"862":6,"863":6,"864":6,"865":6,"866":6,"867":6,"868":6,"869":6,"870":6,"871":6,"872":6,"873":6,"874":6,"875":6,"876":6,"877":6,"878":30,"879":30,"880":30,"881":30,"882":30,"883":360,"884":360,"885":360,"886":360,"887":360,"888":360,"889":360,"890":360,"891":360,"892":360,"893":360,"894":1080,"895":1080,"896":1080,"897":1080,"898":360,"899":360,"900":360,"901":1440,"902":1440,"903":6,"904":6,"905":6,"906":90,"907":90,"908":90,"909":90,"910":90,"911":90,"912":270,"913":270,"914":270,"915":270,"916":2700,"917":2700,"918":2700,"919":2700,"920":6,"921":6,"922":6,"923":480,"924":480,"925":480,"926":480,"927":480,"928":480,"929":480,"930":480,"931":6,"932":6,"933":201,"934":12,"935":9,"936":7,"937":7,"938":9,"939":11,"940":10,"941":6,"942":8,"943":6,"944":6,"945":6,"946":6,"947":8,"948":7,"949":7,"950":6,"951":6,"952":6,"953":6,"954":6,"955":8,"956":6,"957":6,"958":6,"959":6,"960":6,"961":6,"962":2},"f":{"0":214708,"1":14,"2":14,"3":9,"4":2970,"5":9,"6":7,"7":7,"8":7,"9":7,"10":9,"11":9,"12":11,"13":11,"14":10,"15":10,"16":6,"17":6,"18":8,"19":8,"20":6,"21":6,"22":6,"23":6,"24":6,"25":6,"26":6,"27":6,"28":8,"29":8,"30":7,"31":7,"32":7,"33":7,"34":6,"35":6,"36":6,"37":6,"38":6,"39":6,"40":6,"41":6,"42":6,"43":6,"44":8,"45":8,"46":6,"47":6,"48":6,"49":6,"50":6,"51":6,"52":6,"53":6,"54":6,"55":6,"56":6,"57":6,"58":201},"b":{"0":[9600,7200],"1":[8,6],"2":[8,6],"3":[8,6],"4":[8,6],"5":[1584,1386],"6":[1650,1320],"7":[5,4],"8":[32,24],"9":[4,3],"10":[4,3],"11":[100,75],"12":[4,3],"13":[60,48],"14":[5,4],"15":[11286,9405],"16":[6,5],"17":[1920,5080],"18":[1152,768],"19":[2090,4910],"20":[7000,4010],"21":[1254,836],"22":[2060,4940],"23":[7000,5390],"24":[1236,824],"25":[6,4],"26":[18,18],"27":[3,3],"28":[120,120],"29":[4,4],"30":[45,45],"31":[45,45],"32":[3,3],"33":[900,0],"34":[45,45],"35":[3,3],"36":[105,105],"37":[3,3],"38":[504,504],"39":[285,285],"40":[3,3],"41":[1000,600],"42":[216,1384],"43":[135,81],"44":[5,3],"45":[32,24],"46":[4,3],"47":[4,3],"48":[4,3],"49":[4,3],"50":[4,3],"51":[180,135],"52":[0,1883],"53":[126,189],"54":[72,54],"55":[4,3],"56":[4,3],"57":[4,3],"58":[4,3],"59":[3,3],"60":[3,3],"61":[0,1488],"62":[3,3],"63":[3,3],"64":[3,3],"65":[3,3],"66":[3,3],"67":[0,1224],"68":[3,3],"69":[3,3],"70":[3,3],"71":[3,3],"72":[3,3],"73":[0,1758],"74":[132,156],"75":[3,3],"76":[3,3],"77":[3,3],"78":[3,3],"79":[3,3],"80":[3,3],"81":[126,126],"82":[0,1122],"83":[3,3],"84":[3,3],"85":[3,3],"86":[3,3],"87":[48,102],"88":[3,3],"89":[3,3],"90":[5,3],"91":[5,3],"92":[5,3],"93":[5,3],"94":[5,3],"95":[48,152],"96":[64,88],"97":[480,480],"98":[96,864],"99":[5,3],"100":[3,3],"101":[3,3],"102":[3,3],"103":[3,3],"104":[3,3],"105":[36,36],"106":[36,36],"107":[18,18],"108":[18,18],"109":[3,3],"110":[3,3],"111":[3,3],"112":[3,3],"113":[3,3],"114":[3,3],"115":[78,192],"116":[96,96],"117":[480,480],"118":[75,75],"119":[3,3],"120":[3,3],"121":[3,3],"122":[3,3],"123":[138,162],"124":[78,84],"125":[1500,1500],"126":[300,2700],"127":[36,36],"128":[24,12],"129":[42,36],"130":[3,3],"131":[3,3],"132":[3,3],"133":[3,3],"134":[3,3],"135":[3,3],"136":[66,144],"137":[60,84],"138":[36,48],"139":[66,144],"140":[3,3],"141":[3,3],"142":[3,3],"143":[3,3],"144":[3,3],"145":[3,3],"146":[3,3],"147":[24,24],"148":[3,3],"149":[3,3],"150":[3,3],"151":[3,3],"152":[3,3],"153":[3,3],"154":[3,3],"155":[3,3],"156":[3,3],"157":[3,3],"158":[15,15],"159":[1080,1620],"160":[12,9,7,7,9,11,10,6,8,6,6,6,6,8,7,7,6,6,6,6,6,8,6,6,6,6,6,6,2]},"_coverageSchema":"1a1c01bbd47fc00a2c39e90264f33305004495a9","hash":"ddb666e62b51f544337d02559aaa04460deca28f"}
}
