TN:
SF:components\patterns\PatternBackground.tsx
FN:63,seededRandom
FN:69,NoiseGrainPattern
FN:70,(anonymous_2)
FN:111,GeometricHexagonsPattern
FN:116,(anonymous_4)
FN:125,(anonymous_5)
FN:170,OrganicBlobsPattern
FN:171,(anonymous_7)
FN:220,TopographicPattern
FN:221,(anonymous_9)
FN:273,WavesPattern
FN:274,(anonymous_11)
FN:314,DotsGridPattern
FN:315,(anonymous_13)
FN:359,CircuitBoardPattern
FN:360,(anonymous_15)
FN:433,MeshGradientPattern
FN:434,(anonymous_17)
FN:482,BokehPattern
FN:483,(anonymous_19)
FN:523,CrystalsPattern
FN:524,(anonymous_21)
FN:580,MarblePattern
FN:581,(anonymous_23)
FN:632,WaterRipplesPattern
FN:633,(anonymous_25)
FN:683,FabricWeavePattern
FN:684,(anonymous_27)
FN:740,StarfieldPattern
FN:741,(anonymous_29)
FN:798,AuroraBandsPattern
FN:799,(anonymous_31)
FN:869,MidnightGoldLeopardPattern
FN:870,(anonymous_33)
FN:999,ClassicSafariLeopardPattern
FN:1000,(anonymous_35)
FN:1103,SnowLeopardFrostPattern
FN:1104,(anonymous_37)
FN:1211,RoseGoldLeopardPattern
FN:1212,(anonymous_39)
FN:1340,ObsidianLeopardPattern
FN:1341,(anonymous_41)
FN:1448,CheetahLuxePattern
FN:1449,(anonymous_43)
FN:1575,ChristmasFestivePattern
FN:1576,(anonymous_45)
FN:1727,HalloweenSpookyPattern
FN:1728,(anonymous_47)
FN:1907,ThanksgivingHarvestPattern
FN:1908,(anonymous_49)
FN:2073,FourthOfJulyPattern
FN:2074,(anonymous_51)
FN:2199,ValentinesHeartsPattern
FN:2200,(anonymous_53)
FN:2317,EasterSpringPattern
FN:2318,(anonymous_55)
FN:2489,CincoDeMayoPattern
FN:2495,(anonymous_57)
FN:2663,PatternBackground
FNF:59
FNH:59
FNDA:214708,seededRandom
FNDA:14,NoiseGrainPattern
FNDA:14,(anonymous_2)
FNDA:9,GeometricHexagonsPattern
FNDA:2970,(anonymous_4)
FNDA:9,(anonymous_5)
FNDA:7,OrganicBlobsPattern
FNDA:7,(anonymous_7)
FNDA:7,TopographicPattern
FNDA:7,(anonymous_9)
FNDA:9,WavesPattern
FNDA:9,(anonymous_11)
FNDA:11,DotsGridPattern
FNDA:11,(anonymous_13)
FNDA:10,CircuitBoardPattern
FNDA:10,(anonymous_15)
FNDA:6,MeshGradientPattern
FNDA:6,(anonymous_17)
FNDA:8,BokehPattern
FNDA:8,(anonymous_19)
FNDA:6,CrystalsPattern
FNDA:6,(anonymous_21)
FNDA:6,MarblePattern
FNDA:6,(anonymous_23)
FNDA:6,WaterRipplesPattern
FNDA:6,(anonymous_25)
FNDA:6,FabricWeavePattern
FNDA:6,(anonymous_27)
FNDA:8,StarfieldPattern
FNDA:8,(anonymous_29)
FNDA:7,AuroraBandsPattern
FNDA:7,(anonymous_31)
FNDA:7,MidnightGoldLeopardPattern
FNDA:7,(anonymous_33)
FNDA:6,ClassicSafariLeopardPattern
FNDA:6,(anonymous_35)
FNDA:6,SnowLeopardFrostPattern
FNDA:6,(anonymous_37)
FNDA:6,RoseGoldLeopardPattern
FNDA:6,(anonymous_39)
FNDA:6,ObsidianLeopardPattern
FNDA:6,(anonymous_41)
FNDA:6,CheetahLuxePattern
FNDA:6,(anonymous_43)
FNDA:8,ChristmasFestivePattern
FNDA:8,(anonymous_45)
FNDA:6,HalloweenSpookyPattern
FNDA:6,(anonymous_47)
FNDA:6,ThanksgivingHarvestPattern
FNDA:6,(anonymous_49)
FNDA:6,FourthOfJulyPattern
FNDA:6,(anonymous_51)
FNDA:6,ValentinesHeartsPattern
FNDA:6,(anonymous_53)
FNDA:6,EasterSpringPattern
FNDA:6,(anonymous_55)
FNDA:6,CincoDeMayoPattern
FNDA:6,(anonymous_57)
FNDA:201,PatternBackground
DA:22,2
DA:64,214708
DA:65,214708
DA:70,14
DA:71,14
DA:72,14
DA:73,14
DA:74,16800
DA:75,16800
DA:76,16800
DA:77,16800
DA:78,16800
DA:89,14
DA:92,14
DA:94,14
DA:112,9
DA:113,9
DA:114,9
DA:116,9
DA:117,2970
DA:118,2970
DA:119,17820
DA:120,17820
DA:122,2970
DA:125,9
DA:126,9
DA:127,9
DA:128,9
DA:130,9
DA:131,198
DA:132,2970
DA:133,2970
DA:134,2970
DA:135,2970
DA:147,9
DA:150,9
DA:154,9
DA:171,7
DA:172,7
DA:173,7
DA:175,7
DA:176,56
DA:177,56
DA:178,56
DA:179,56
DA:180,56
DA:182,56
DA:186,56
DA:188,56
DA:200,7
DA:203,7
DA:205,7
DA:221,7
DA:222,7
DA:223,7
DA:225,7
DA:226,175
DA:227,175
DA:229,175
DA:230,175
DA:231,3500
DA:232,3500
DA:233,3500
DA:234,3500
DA:235,3500
DA:238,175
DA:239,175
DA:250,7
DA:253,7
DA:257,7
DA:274,9
DA:275,9
DA:276,9
DA:278,9
DA:279,108
DA:280,108
DA:282,108
DA:283,108
DA:285,108
DA:286,4644
DA:287,4644
DA:290,108
DA:292,108
DA:296,108
DA:300,9
DA:303,9
DA:305,9
DA:315,11
DA:316,11
DA:317,11
DA:318,11
DA:319,11
DA:321,11
DA:322,627
DA:323,20691
DA:324,20691
DA:325,20691
DA:328,20691
DA:329,20691
DA:330,20691
DA:331,20691
DA:333,20691
DA:345,11
DA:348,11
DA:350,11
DA:360,10
DA:361,10
DA:362,10
DA:363,10
DA:364,10
DA:366,10
DA:367,350
DA:368,7000
DA:369,7000
DA:370,7000
DA:373,7000
DA:374,1920
DA:387,7000
DA:388,2090
DA:403,7000
DA:404,2060
DA:419,10
DA:422,10
DA:424,10
DA:434,6
DA:435,6
DA:436,6
DA:438,6
DA:444,6
DA:450,6
DA:451,36
DA:452,36
DA:453,36
DA:454,36
DA:456,36
DA:468,6
DA:471,6
DA:473,6
DA:483,8
DA:484,8
DA:485,8
DA:487,8
DA:488,240
DA:489,240
DA:490,240
DA:491,240
DA:493,240
DA:494,240
DA:495,240
DA:496,240
DA:498,240
DA:509,8
DA:512,8
DA:514,8
DA:524,6
DA:525,6
DA:526,6
DA:528,6
DA:529,90
DA:530,90
DA:531,90
DA:532,90
DA:533,90
DA:535,90
DA:536,90
DA:537,552
DA:538,552
DA:539,552
DA:542,90
DA:543,90
DA:545,90
DA:557,6
DA:560,6
DA:564,6
DA:581,6
DA:582,6
DA:583,6
DA:585,6
DA:586,90
DA:587,90
DA:588,90
DA:590,90
DA:591,90
DA:593,90
DA:594,900
DA:595,900
DA:596,900
DA:597,900
DA:598,900
DA:599,900
DA:600,900
DA:601,900
DA:602,900
DA:603,900
DA:606,90
DA:607,90
DA:618,6
DA:621,6
DA:623,6
DA:633,6
DA:634,6
DA:635,6
DA:637,6
DA:638,30
DA:639,30
DA:640,30
DA:642,30
DA:643,210
DA:644,210
DA:646,210
DA:660,6
DA:663,6
DA:667,6
DA:684,6
DA:685,6
DA:686,6
DA:687,6
DA:688,6
DA:691,6
DA:692,1008
DA:693,1008
DA:694,1008
DA:709,6
DA:710,570
DA:711,570
DA:712,570
DA:726,6
DA:729,6
DA:731,6
DA:741,8
DA:742,8
DA:743,8
DA:745,8
DA:746,1600
DA:747,1600
DA:748,1600
DA:749,1600
DA:751,1600
DA:763,1600
DA:764,216
DA:776,8
DA:779,8
DA:783,8
DA:799,7
DA:800,7
DA:801,7
DA:803,7
DA:804,56
DA:805,56
DA:808,56
DA:809,1624
DA:810,1624
DA:811,1624
DA:812,1624
DA:816,56
DA:817,56
DA:818,1736
DA:819,1736
DA:820,1736
DA:821,1736
DA:823,56
DA:825,56
DA:832,56
DA:839,56
DA:841,56
DA:845,7
DA:848,7
DA:852,7
DA:870,7
DA:871,7
DA:872,7
DA:875,7
DA:876,7
DA:877,7
DA:878,7
DA:880,7
DA:881,315
DA:882,315
DA:883,315
DA:884,315
DA:885,315
DA:890,315
DA:891,315
DA:892,1883
DA:893,1883
DA:894,1883
DA:896,1883
DA:897,1883
DA:898,1883
DA:899,1883
DA:901,1883
DA:902,1883
DA:904,1883
DA:919,315
DA:920,315
DA:934,315
DA:935,126
DA:949,7
DA:950,7
DA:951,420
DA:952,420
DA:953,420
DA:954,420
DA:956,420
DA:968,7
DA:972,7
DA:976,7
DA:978,7
DA:1000,6
DA:1001,6
DA:1002,6
DA:1005,6
DA:1006,6
DA:1007,6
DA:1008,6
DA:1010,6
DA:1011,300
DA:1012,300
DA:1013,300
DA:1014,300
DA:1015,300
DA:1018,300
DA:1019,300
DA:1020,1488
DA:1021,1488
DA:1022,1488
DA:1024,1488
DA:1025,1488
DA:1026,1488
DA:1027,1488
DA:1029,1488
DA:1030,1488
DA:1032,1488
DA:1047,300
DA:1048,300
DA:1063,6
DA:1064,6
DA:1065,420
DA:1066,420
DA:1067,420
DA:1068,420
DA:1070,420
DA:1082,6
DA:1085,6
DA:1087,6
DA:1104,6
DA:1105,6
DA:1106,6
DA:1109,6
DA:1110,6
DA:1111,6
DA:1113,6
DA:1114,270
DA:1115,270
DA:1116,270
DA:1117,270
DA:1118,270
DA:1121,270
DA:1122,270
DA:1123,1224
DA:1124,1224
DA:1125,1224
DA:1127,1224
DA:1128,1224
DA:1129,1224
DA:1130,1224
DA:1132,1224
DA:1133,1224
DA:1135,1224
DA:1150,270
DA:1151,270
DA:1166,6
DA:1167,6
DA:1168,330
DA:1169,330
DA:1170,330
DA:1171,330
DA:1173,330
DA:1186,6
DA:1190,6
DA:1194,6
DA:1212,6
DA:1213,6
DA:1214,6
DA:1217,6
DA:1218,6
DA:1219,6
DA:1220,6
DA:1222,6
DA:1223,288
DA:1224,288
DA:1225,288
DA:1226,288
DA:1227,288
DA:1230,288
DA:1231,288
DA:1232,1758
DA:1233,1758
DA:1234,1758
DA:1236,1758
DA:1237,1758
DA:1238,1758
DA:1239,1758
DA:1241,1758
DA:1242,1758
DA:1244,1758
DA:1259,288
DA:1260,288
DA:1274,288
DA:1275,132
DA:1289,6
DA:1290,6
DA:1291,390
DA:1292,390
DA:1293,390
DA:1294,390
DA:1296,390
DA:1308,6
DA:1312,6
DA:1316,6
DA:1317,6
DA:1319,6
DA:1341,6
DA:1342,6
DA:1343,6
DA:1346,6
DA:1347,6
DA:1348,6
DA:1350,6
DA:1351,252
DA:1352,252
DA:1353,252
DA:1354,252
DA:1355,252
DA:1360,252
DA:1361,252
DA:1362,1122
DA:1363,1122
DA:1364,1122
DA:1366,1122
DA:1367,1122
DA:1368,1122
DA:1369,1122
DA:1371,1122
DA:1372,1122
DA:1374,1122
DA:1389,252
DA:1390,252
DA:1405,6
DA:1406,6
DA:1407,240
DA:1408,240
DA:1409,240
DA:1410,240
DA:1412,240
DA:1424,6
DA:1428,6
DA:1432,6
DA:1449,6
DA:1450,6
DA:1453,6
DA:1454,6
DA:1455,6
DA:1458,6
DA:1459,6
DA:1460,1080
DA:1461,1080
DA:1464,1080
DA:1465,1080
DA:1468,1080
DA:1469,1080
DA:1471,1080
DA:1486,6
DA:1487,6
DA:1488,150
DA:1489,150
DA:1490,150
DA:1491,150
DA:1493,150
DA:1505,150
DA:1506,48
DA:1520,6
DA:1521,6
DA:1522,36
DA:1523,36
DA:1524,36
DA:1526,36
DA:1539,6
DA:1543,6
DA:1547,6
DA:1549,6
DA:1576,8
DA:1577,8
DA:1580,8
DA:1581,8
DA:1582,8
DA:1583,8
DA:1584,8
DA:1587,8
DA:1588,8
DA:1589,120
DA:1590,120
DA:1591,120
DA:1592,120
DA:1593,120
DA:1596,120
DA:1597,840
DA:1598,840
DA:1599,840
DA:1600,840
DA:1602,840
DA:1615,8
DA:1616,8
DA:1617,200
DA:1618,200
DA:1619,200
DA:1620,200
DA:1621,200
DA:1622,200
DA:1624,200
DA:1636,200
DA:1649,8
DA:1650,8
DA:1651,320
DA:1652,320
DA:1653,320
DA:1654,320
DA:1657,320
DA:1658,1920
DA:1659,1920
DA:1675,8
DA:1676,8
DA:1677,96
DA:1678,96
DA:1679,96
DA:1680,96
DA:1683,96
DA:1684,96
DA:1685,960
DA:1686,960
DA:1687,960
DA:1688,960
DA:1689,960
DA:1691,96
DA:1693,96
DA:1703,8
DA:1707,8
DA:1711,8
DA:1728,6
DA:1729,6
DA:1732,6
DA:1733,6
DA:1734,6
DA:1735,6
DA:1736,6
DA:1739,6
DA:1740,6
DA:1741,108
DA:1742,108
DA:1743,108
DA:1744,108
DA:1747,108
DA:1756,108
DA:1767,6
DA:1768,6
DA:1769,72
DA:1770,72
DA:1771,72
DA:1772,72
DA:1775,72
DA:1788,72
DA:1801,72
DA:1803,36
DA:1812,36
DA:1824,6
DA:1825,6
DA:1826,48
DA:1827,48
DA:1828,48
DA:1829,48
DA:1832,48
DA:1833,384
DA:1834,384
DA:1849,48
DA:1850,192
DA:1866,6
DA:1867,6
DA:1868,90
DA:1869,90
DA:1870,90
DA:1871,90
DA:1872,90
DA:1874,90
DA:1877,90
DA:1882,6
DA:1886,6
DA:1890,6
DA:1908,6
DA:1909,6
DA:1912,6
DA:1913,6
DA:1914,6
DA:1915,6
DA:1916,6
DA:1919,6
DA:1920,6
DA:1921,270
DA:1922,270
DA:1923,270
DA:1924,270
DA:1925,270
DA:1926,270
DA:1927,270
DA:1930,270
DA:1943,270
DA:1955,6
DA:1956,6
DA:1957,120
DA:1958,120
DA:1959,120
DA:1960,120
DA:1961,120
DA:1964,120
DA:1976,120
DA:1977,960
DA:1978,960
DA:1979,960
DA:1994,6
DA:1995,6
DA:1996,60
DA:1997,60
DA:1998,60
DA:1999,60
DA:2001,60
DA:2015,6
DA:2016,6
DA:2017,150
DA:2018,150
DA:2019,150
DA:2020,150
DA:2023,150
DA:2035,150
DA:2048,6
DA:2052,6
DA:2056,6
DA:2074,6
DA:2075,6
DA:2078,6
DA:2079,6
DA:2080,6
DA:2083,6
DA:2084,6
DA:2085,300
DA:2086,300
DA:2087,300
DA:2088,300
DA:2089,300
DA:2090,300
DA:2093,300
DA:2094,300
DA:2095,3000
DA:2096,3000
DA:2097,3000
DA:2098,3000
DA:2099,3000
DA:2101,300
DA:2103,300
DA:2114,6
DA:2115,6
DA:2116,72
DA:2117,72
DA:2118,72
DA:2119,72
DA:2120,72
DA:2121,72
DA:2124,72
DA:2125,72
DA:2126,1062
DA:2127,1062
DA:2129,1062
DA:2144,1062
DA:2158,6
DA:2159,6
DA:2160,6
DA:2161,78
DA:2162,78
DA:2175,6
DA:2179,6
DA:2183,6
DA:2200,6
DA:2201,6
DA:2204,6
DA:2205,6
DA:2206,6
DA:2207,6
DA:2208,6
DA:2211,6
DA:2212,6
DA:2213,210
DA:2214,210
DA:2215,210
DA:2216,210
DA:2217,210
DA:2218,210
DA:2219,210
DA:2222,210
DA:2231,210
DA:2242,210
DA:2243,66
DA:2257,6
DA:2258,6
DA:2259,240
DA:2260,240
DA:2261,240
DA:2262,240
DA:2264,240
DA:2277,6
DA:2278,6
DA:2279,180
DA:2280,180
DA:2281,180
DA:2282,180
DA:2285,180
DA:2293,6
DA:2297,6
DA:2301,6
DA:2318,6
DA:2319,6
DA:2322,6
DA:2323,6
DA:2324,6
DA:2325,6
DA:2326,6
DA:2327,6
DA:2329,6
DA:2332,6
DA:2333,6
DA:2334,150
DA:2335,150
DA:2336,150
DA:2337,150
DA:2338,150
DA:2339,150
DA:2340,150
DA:2343,150
DA:2357,150
DA:2358,150
DA:2359,450
DA:2360,450
DA:2362,450
DA:2379,6
DA:2380,6
DA:2381,120
DA:2382,120
DA:2383,120
DA:2384,120
DA:2387,120
DA:2388,120
DA:2389,720
DA:2390,720
DA:2391,720
DA:2393,720
DA:2408,120
DA:2421,6
DA:2422,6
DA:2423,180
DA:2424,180
DA:2425,180
DA:2426,180
DA:2428,180
DA:2429,540
DA:2430,540
DA:2444,6
DA:2445,6
DA:2446,48
DA:2447,48
DA:2448,48
DA:2449,48
DA:2450,48
DA:2453,48
DA:2456,48
DA:2460,48
DA:2465,6
DA:2469,6
DA:2473,6
DA:2491,6
DA:2495,6
DA:2496,6
DA:2499,6
DA:2500,6
DA:2501,6
DA:2502,6
DA:2503,6
DA:2504,6
DA:2505,6
DA:2508,6
DA:2510,6
DA:2513,6
DA:2514,6
DA:2515,30
DA:2516,30
DA:2519,30
DA:2530,30
DA:2531,360
DA:2532,360
DA:2533,360
DA:2534,360
DA:2535,360
DA:2536,360
DA:2537,360
DA:2540,360
DA:2553,360
DA:2554,360
DA:2555,1080
DA:2556,1080
DA:2557,1080
DA:2560,1080
DA:2571,360
DA:2572,360
DA:2573,1440
DA:2574,1440
DA:2589,6
DA:2590,6
DA:2591,90
DA:2592,90
DA:2593,90
DA:2594,90
DA:2597,90
DA:2598,270
DA:2599,270
DA:2600,270
DA:2601,2700
DA:2602,2700
DA:2603,2700
DA:2605,2700
DA:2620,6
DA:2621,6
DA:2622,480
DA:2623,480
DA:2624,480
DA:2625,480
DA:2626,480
DA:2627,480
DA:2628,480
DA:2630,480
DA:2644,6
DA:2647,6
DA:2664,201
DA:2666,12
DA:2668,9
DA:2670,7
DA:2672,7
DA:2674,9
DA:2676,11
DA:2678,10
DA:2680,6
DA:2682,8
DA:2684,6
DA:2686,6
DA:2688,6
DA:2690,6
DA:2692,8
DA:2694,7
DA:2696,7
DA:2698,6
DA:2700,6
DA:2702,6
DA:2704,6
DA:2706,6
DA:2709,8
DA:2711,6
DA:2713,6
DA:2715,6
DA:2717,6
DA:2719,6
DA:2721,6
DA:2723,2
LF:877
LH:877
BRDA:84,0,0,9600
BRDA:84,0,1,7200
BRDA:92,1,0,8
BRDA:92,1,1,6
BRDA:99,2,0,8
BRDA:99,2,1,6
BRDA:100,3,0,8
BRDA:100,3,1,6
BRDA:101,4,0,8
BRDA:101,4,1,6
BRDA:133,5,0,1584
BRDA:133,5,1,1386
BRDA:140,6,0,1650
BRDA:140,6,1,1320
BRDA:150,7,0,5
BRDA:150,7,1,4
BRDA:182,8,0,32
BRDA:182,8,1,24
BRDA:203,9,0,4
BRDA:203,9,1,3
BRDA:209,10,0,4
BRDA:209,10,1,3
BRDA:244,11,0,100
BRDA:244,11,1,75
BRDA:253,12,0,4
BRDA:253,12,1,3
BRDA:292,13,0,60
BRDA:292,13,1,48
BRDA:303,14,0,5
BRDA:303,14,1,4
BRDA:339,15,0,11286
BRDA:339,15,1,9405
BRDA:348,16,0,6
BRDA:348,16,1,5
BRDA:373,17,0,1920
BRDA:373,17,1,5080
BRDA:380,18,0,1152
BRDA:380,18,1,768
BRDA:387,19,0,2090
BRDA:387,19,1,4910
BRDA:387,20,0,7000
BRDA:387,20,1,4010
BRDA:395,21,0,1254
BRDA:395,21,1,836
BRDA:403,22,0,2060
BRDA:403,22,1,4940
BRDA:403,23,0,7000
BRDA:403,23,1,5390
BRDA:411,24,0,1236
BRDA:411,24,1,824
BRDA:422,25,0,6
BRDA:422,25,1,4
BRDA:454,26,0,18
BRDA:454,26,1,18
BRDA:471,27,0,3
BRDA:471,27,1,3
BRDA:495,28,0,120
BRDA:495,28,1,120
BRDA:512,29,0,4
BRDA:512,29,1,4
BRDA:549,30,0,45
BRDA:549,30,1,45
BRDA:550,31,0,45
BRDA:550,31,1,45
BRDA:560,32,0,3
BRDA:560,32,1,3
BRDA:596,33,0,900
BRDA:596,33,1,0
BRDA:612,34,0,45
BRDA:612,34,1,45
BRDA:621,35,0,3
BRDA:621,35,1,3
BRDA:653,36,0,105
BRDA:653,36,1,105
BRDA:663,37,0,3
BRDA:663,37,1,3
BRDA:701,38,0,504
BRDA:701,38,1,504
BRDA:719,39,0,285
BRDA:719,39,1,285
BRDA:729,40,0,3
BRDA:729,40,1,3
BRDA:757,41,0,1000
BRDA:757,41,1,600
BRDA:763,42,0,216
BRDA:763,42,1,1384
BRDA:770,43,0,135
BRDA:770,43,1,81
BRDA:779,44,0,5
BRDA:779,44,1,3
BRDA:839,45,0,32
BRDA:839,45,1,24
BRDA:848,46,0,4
BRDA:848,46,1,3
BRDA:875,47,0,4
BRDA:875,47,1,3
BRDA:876,48,0,4
BRDA:876,48,1,3
BRDA:877,49,0,4
BRDA:877,49,1,3
BRDA:878,50,0,4
BRDA:878,50,1,3
BRDA:885,51,0,180
BRDA:885,51,1,135
BRDA:901,52,0,0
BRDA:901,52,1,1883
BRDA:934,53,0,126
BRDA:934,53,1,189
BRDA:942,54,0,72
BRDA:942,54,1,54
BRDA:972,55,0,4
BRDA:972,55,1,3
BRDA:976,56,0,4
BRDA:976,56,1,3
BRDA:986,57,0,4
BRDA:986,57,1,3
BRDA:987,58,0,4
BRDA:987,58,1,3
BRDA:1005,59,0,3
BRDA:1005,59,1,3
BRDA:1008,60,0,3
BRDA:1008,60,1,3
BRDA:1029,61,0,0
BRDA:1029,61,1,1488
BRDA:1085,62,0,3
BRDA:1085,62,1,3
BRDA:1091,63,0,3
BRDA:1091,63,1,3
BRDA:1109,64,0,3
BRDA:1109,64,1,3
BRDA:1110,65,0,3
BRDA:1110,65,1,3
BRDA:1111,66,0,3
BRDA:1111,66,1,3
BRDA:1132,67,0,0
BRDA:1132,67,1,1224
BRDA:1190,68,0,3
BRDA:1190,68,1,3
BRDA:1217,69,0,3
BRDA:1217,69,1,3
BRDA:1218,70,0,3
BRDA:1218,70,1,3
BRDA:1219,71,0,3
BRDA:1219,71,1,3
BRDA:1220,72,0,3
BRDA:1220,72,1,3
BRDA:1241,73,0,0
BRDA:1241,73,1,1758
BRDA:1274,74,0,132
BRDA:1274,74,1,156
BRDA:1312,75,0,3
BRDA:1312,75,1,3
BRDA:1316,76,0,3
BRDA:1316,76,1,3
BRDA:1317,77,0,3
BRDA:1317,77,1,3
BRDA:1346,78,0,3
BRDA:1346,78,1,3
BRDA:1347,79,0,3
BRDA:1347,79,1,3
BRDA:1348,80,0,3
BRDA:1348,80,1,3
BRDA:1355,81,0,126
BRDA:1355,81,1,126
BRDA:1371,82,0,0
BRDA:1371,82,1,1122
BRDA:1428,83,0,3
BRDA:1428,83,1,3
BRDA:1453,84,0,3
BRDA:1453,84,1,3
BRDA:1454,85,0,3
BRDA:1454,85,1,3
BRDA:1455,86,0,3
BRDA:1455,86,1,3
BRDA:1505,87,0,48
BRDA:1505,87,1,102
BRDA:1543,88,0,3
BRDA:1543,88,1,3
BRDA:1547,89,0,3
BRDA:1547,89,1,3
BRDA:1580,90,0,5
BRDA:1580,90,1,3
BRDA:1581,91,0,5
BRDA:1581,91,1,3
BRDA:1582,92,0,5
BRDA:1582,92,1,3
BRDA:1583,93,0,5
BRDA:1583,93,1,3
BRDA:1584,94,0,5
BRDA:1584,94,1,3
BRDA:1622,95,0,48
BRDA:1622,95,1,152
BRDA:1622,96,0,64
BRDA:1622,96,1,88
BRDA:1686,97,0,480
BRDA:1686,97,1,480
BRDA:1689,98,0,96
BRDA:1689,98,1,864
BRDA:1707,99,0,5
BRDA:1707,99,1,3
BRDA:1732,100,0,3
BRDA:1732,100,1,3
BRDA:1733,101,0,3
BRDA:1733,101,1,3
BRDA:1734,102,0,3
BRDA:1734,102,1,3
BRDA:1735,103,0,3
BRDA:1735,103,1,3
BRDA:1736,104,0,3
BRDA:1736,104,1,3
BRDA:1795,105,0,36
BRDA:1795,105,1,36
BRDA:1801,106,0,36
BRDA:1801,106,1,36
BRDA:1807,107,0,18
BRDA:1807,107,1,18
BRDA:1816,108,0,18
BRDA:1816,108,1,18
BRDA:1886,109,0,3
BRDA:1886,109,1,3
BRDA:1912,110,0,3
BRDA:1912,110,1,3
BRDA:1913,111,0,3
BRDA:1913,111,1,3
BRDA:1914,112,0,3
BRDA:1914,112,1,3
BRDA:1915,113,0,3
BRDA:1915,113,1,3
BRDA:1916,114,0,3
BRDA:1916,114,1,3
BRDA:1927,115,0,78
BRDA:1927,115,1,192
BRDA:1927,116,0,96
BRDA:1927,116,1,96
BRDA:1978,117,0,480
BRDA:1978,117,1,480
BRDA:2042,118,0,75
BRDA:2042,118,1,75
BRDA:2052,119,0,3
BRDA:2052,119,1,3
BRDA:2078,120,0,3
BRDA:2078,120,1,3
BRDA:2079,121,0,3
BRDA:2079,121,1,3
BRDA:2080,122,0,3
BRDA:2080,122,1,3
BRDA:2090,123,0,138
BRDA:2090,123,1,162
BRDA:2090,124,0,78
BRDA:2090,124,1,84
BRDA:2096,125,0,1500
BRDA:2096,125,1,1500
BRDA:2099,126,0,300
BRDA:2099,126,1,2700
BRDA:2121,127,0,36
BRDA:2121,127,1,36
BRDA:2121,128,0,24
BRDA:2121,128,1,12
BRDA:2169,129,0,42
BRDA:2169,129,1,36
BRDA:2179,130,0,3
BRDA:2179,130,1,3
BRDA:2204,131,0,3
BRDA:2204,131,1,3
BRDA:2205,132,0,3
BRDA:2205,132,1,3
BRDA:2206,133,0,3
BRDA:2206,133,1,3
BRDA:2207,134,0,3
BRDA:2207,134,1,3
BRDA:2208,135,0,3
BRDA:2208,135,1,3
BRDA:2219,136,0,66
BRDA:2219,136,1,144
BRDA:2219,137,0,60
BRDA:2219,137,1,84
BRDA:2219,138,0,36
BRDA:2219,138,1,48
BRDA:2242,139,0,66
BRDA:2242,139,1,144
BRDA:2297,140,0,3
BRDA:2297,140,1,3
BRDA:2322,141,0,3
BRDA:2322,141,1,3
BRDA:2323,142,0,3
BRDA:2323,142,1,3
BRDA:2324,143,0,3
BRDA:2324,143,1,3
BRDA:2325,144,0,3
BRDA:2325,144,1,3
BRDA:2326,145,0,3
BRDA:2326,145,1,3
BRDA:2327,146,0,3
BRDA:2327,146,1,3
BRDA:2461,147,0,24
BRDA:2461,147,1,24
BRDA:2469,148,0,3
BRDA:2469,148,1,3
BRDA:2491,149,0,3
BRDA:2491,149,1,3
BRDA:2499,150,0,3
BRDA:2499,150,1,3
BRDA:2500,151,0,3
BRDA:2500,151,1,3
BRDA:2501,152,0,3
BRDA:2501,152,1,3
BRDA:2502,153,0,3
BRDA:2502,153,1,3
BRDA:2503,154,0,3
BRDA:2503,154,1,3
BRDA:2504,155,0,3
BRDA:2504,155,1,3
BRDA:2505,156,0,3
BRDA:2505,156,1,3
BRDA:2508,157,0,3
BRDA:2508,157,1,3
BRDA:2523,158,0,15
BRDA:2523,158,1,15
BRDA:2611,159,0,1080
BRDA:2611,159,1,1620
BRDA:2664,160,0,12
BRDA:2664,160,1,9
BRDA:2664,160,2,7
BRDA:2664,160,3,7
BRDA:2664,160,4,9
BRDA:2664,160,5,11
BRDA:2664,160,6,10
BRDA:2664,160,7,6
BRDA:2664,160,8,8
BRDA:2664,160,9,6
BRDA:2664,160,10,6
BRDA:2664,160,11,6
BRDA:2664,160,12,6
BRDA:2664,160,13,8
BRDA:2664,160,14,7
BRDA:2664,160,15,7
BRDA:2664,160,16,6
BRDA:2664,160,17,6
BRDA:2664,160,18,6
BRDA:2664,160,19,6
BRDA:2664,160,20,6
BRDA:2664,160,21,8
BRDA:2664,160,22,6
BRDA:2664,160,23,6
BRDA:2664,160,24,6
BRDA:2664,160,25,6
BRDA:2664,160,26,6
BRDA:2664,160,27,6
BRDA:2664,160,28,2
BRF:349
BRH:343
end_of_record
